C51 COMPILER V9.60.0.0   KEY                                                               11/13/2023 20:21:31 PAGE 1   


C51 COMPILER V9.60.0.0, COMPILATION OF MODULE KEY
OBJECT MODULE PLACED IN .\Objects\key.obj
COMPILER INVOKED BY: D:\Keil_v5\Keil_5\C51\BIN\C51.EXE api\key.c OPTIMIZE(8,SPEED) BROWSE INCDIR(.\api;.\stc8_lib) DEBUG
                    - OBJECTEXTEND PRINT(.\Listings\key.lst) TABS(2) OBJECT(.\Objects\key.obj)

line level    source

   1          #include "key.h"
   2          #include "tim.h"
   3          
   4          sbit KEY1 = P0^0;
   5          sbit KEY2 = P0^1;
   6          sbit KEY3 = P0^2;
   7          sbit KEY4 = P0^3;
   8          
   9          unsigned char Get_KeyValue(void)
  10          {
  11   1        unsigned char keyValue = 0;
  12   1        if(KEY1 == 0) {
  13   2          Delay_ms(10);
  14   2          if(KEY1 == 0) {
  15   3            keyValue = 1;
  16   3            while(KEY1 == 0)
  17   3            {}
  18   3          }
  19   2        }
  20   1        if(KEY2 == 0) {
  21   2          Delay_ms(10);
  22   2          if(KEY2 == 0) {
  23   3            keyValue = 2;
  24   3            while(KEY2 == 0)
  25   3            {}
  26   3          }
  27   2        }
  28   1        if(KEY3 == 0) {
  29   2          Delay_ms(10);
  30   2          if(KEY3 == 0) {
  31   3            keyValue = 3;
  32   3            while(KEY3 == 0)
  33   3            {}
  34   3          }
  35   2        }
  36   1        if(KEY4 == 0) {
  37   2          Delay_ms(10);
  38   2          if(KEY4 == 0) {
  39   3            keyValue = 4;
  40   3            while(KEY4 == 0)
  41   3            {}
  42   3          }
  43   2        }
  44   1        return keyValue;
  45   1      }
  46          
  47          
  48          
  49          
  50          
  51          


MODULE INFORMATION:   STATIC OVERLAYABLE
C51 COMPILER V9.60.0.0   KEY                                                               11/13/2023 20:21:31 PAGE 2   

   CODE SIZE        =     81    ----
   CONSTANT SIZE    =   ----    ----
   XDATA SIZE       =   ----    ----
   PDATA SIZE       =   ----    ----
   DATA SIZE        =   ----       1
   IDATA SIZE       =   ----    ----
   BIT SIZE         =   ----    ----
END OF MODULE INFORMATION.


C51 COMPILATION COMPLETE.  0 WARNING(S),  0 ERROR(S)
