C51 COMPILER V9.60.0.0   TIM                                                               11/13/2023 20:21:31 PAGE 1   


C51 COMPILER V9.60.0.0, COMPILATION OF MODULE TIM
OBJECT MODULE PLACED IN .\Objects\tim.obj
COMPILER INVOKED BY: D:\Keil_v5\Keil_5\C51\BIN\C51.EXE api\tim.c OPTIMIZE(8,SPEED) BROWSE INCDIR(.\api;.\stc8_lib) DEBUG
                    - OBJECTEXTEND PRINT(.\Listings\tim.lst) TABS(2) OBJECT(.\Objects\tim.obj)

line level    source

   1          #include "tim.h"
   2          #include "ioConfig.h"
   3          
   4          unsigned long Systick_Tick = 0;
   5          unsigned int Led_TaskTime[2] = {0, 500};
   6          unsigned int View_TaskTime[2] = {0, 500};
   7          
   8          /********************* Timer0中断函数************************/
   9          void timer0_int (void) interrupt TIMER0_VECTOR
  10          {
  11   1        Systick_Tick++;
  12   1        Led_TaskTime[0]++;
  13   1        View_TaskTime[0]++;
  14   1      }
  15          
  16          void Delay_ms(unsigned int ms)
  17          {
  18   1        unsigned long time = Systick_Tick+ms;
  19   1        while(time > Systick_Tick)
  20   1        {}
  21   1      }
  22          
  23          void Tim0_Config(void)//1毫秒@24.000MHz
  24          {
  25   1        AUXR |= 0x80;   //定时器时钟1T模式
  26   1        TMOD &= 0xF0;   //设置定时器模式
  27   1        TL0 = 0x40;   //设置定时初始值
  28   1        TH0 = 0xA2;   //设置定时初始值
  29   1        TF0 = 0;    //清除TF0标志
  30   1        TR0 = 1;    //定时器0开始计时
  31   1        ET0 = 1;        //使能定时器0中断
  32   1      }
  33          
  34          
  35          
  36          


MODULE INFORMATION:   STATIC OVERLAYABLE
   CODE SIZE        =    108    ----
   CONSTANT SIZE    =   ----    ----
   XDATA SIZE       =   ----    ----
   PDATA SIZE       =   ----    ----
   DATA SIZE        =     12       4
   IDATA SIZE       =   ----    ----
   BIT SIZE         =   ----    ----
END OF MODULE INFORMATION.


C51 COMPILATION COMPLETE.  0 WARNING(S),  0 ERROR(S)
