C51 COMPILER V9.60.0.0   UART1                                                             11/13/2023 20:21:31 PAGE 1   


C51 COMPILER V9.60.0.0, COMPILATION OF MODULE UART1
OBJECT MODULE PLACED IN .\Objects\uart1.obj
COMPILER INVOKED BY: D:\Keil_v5\Keil_5\C51\BIN\C51.EXE api\uart1.c OPTIMIZE(8,SPEED) BROWSE INCDIR(.\api;.\stc8_lib) DEB
                    -UG OBJECTEXTEND PRINT(.\Listings\uart1.lst) TABS(2) OBJECT(.\Objects\uart1.obj)

line level    source

   1          #include "uart1.h"
   2          
   3          
   4          
   5          void UartInit(void)   //9600bps@24.000MHz
   6          {
   7   1        SCON = 0x50;    //8位数据,可变波特率
   8   1        AUXR |= 0x40;   //定时器时钟1T模式
   9   1        AUXR &= 0xFE;   //串口1选择定时器1为波特率发生器
  10   1        TMOD &= 0x0F;   //设置定时器模式
  11   1        TL1 = 0x8F;   //设置定时初始值
  12   1        TH1 = 0xFD;   //设置定时初始值
  13   1        ET1 = 0;    //禁止定时器%d中断
  14   1        TR1 = 1;    //定时器1开始计时
  15   1      //  ES = 1;       //打开串口中断
  16   1        ES = 0;         //打开串口中断
  17   1      }
  18          
  19          
  20          //发送单个字节  不开中断使用
  21          void Uart_SendData(unsigned char byte)
  22          {
  23   1        SBUF = byte;
  24   1        while(TI == 0);
  25   1        TI = 0;
  26   1      }
  27          
  28          //构造printf用的
  29          char putchar(char c)
  30          {
  31   1        SBUF = c;
  32   1        while(!TI);
  33   1        TI = 0;
  34   1        return c;
  35   1      }
  36          
  37          //发送字符串  不开中断使用
  38          void Uart_SendString(unsigned char * str, unsigned int len)
  39          {
  40   1        while(len--)
  41   1          Uart_SendData(*str++);
  42   1      }
  43          
  44          ////接收单个字节  不开中断使用
  45          //unsigned char Uart_RecvData(void)
  46          //{
  47          //  while(RI == 0);
  48          //  RI = 0;
  49          //  return SBUF;
  50          //}
  51          


MODULE INFORMATION:   STATIC OVERLAYABLE
C51 COMPILER V9.60.0.0   UART1                                                             11/13/2023 20:21:31 PAGE 2   

   CODE SIZE        =     81    ----
   CONSTANT SIZE    =   ----    ----
   XDATA SIZE       =   ----    ----
   PDATA SIZE       =   ----    ----
   DATA SIZE        =   ----       3
   IDATA SIZE       =   ----    ----
   BIT SIZE         =   ----    ----
END OF MODULE INFORMATION.


C51 COMPILATION COMPLETE.  0 WARNING(S),  0 ERROR(S)
