C51 COMPILER V9.60.0.0   BEEP_ON_ICON                                                      12/14/2021 10:58:50 PAGE 1   


C51 COMPILER V9.60.0.0, COMPILATION OF MODULE BEEP_ON_ICON
OBJECT MODULE PLACED IN .\Objects\beep_on_icon.obj
COMPILER INVOKED BY: D:\Keil_v5\C51\BIN\C51.EXE api\beep_on_icon.c OPTIMIZE(8,SPEED) BROWSE INCDIR(.\api;.\stc8_lib) DEB
                    -UG OBJECTEXTEND PRINT(.\Listings\beep_on_icon.lst) TABS(2) OBJECT(.\Objects\beep_on_icon.obj)

line level    source

   1          code unsigned char gImage_beep_on_icon[2592] = { /* 0X10,0X10,0X00,0X24,0X00,0X24,0X01,0X1B, */
   2          0XFF,0XFF,0XFF,0XFF,0XFF,0XFF,0XFF,0XFF,0XFF,0XFF,0XFF,0XFF,0XFF,0XFF,0XFF,0XFF,
   3          0XFF,0XDF,0XFF,0XFF,0XFF,0XFF,0XFF,0XFE,0XFF,0XFE,0XFF,0XFE,0XFF,0XFF,0XFF,0XFF,
   4          0XFF,0XFF,0XFF,0XFF,0XFF,0XFF,0XFF,0XFF,0XFF,0XFF,0XFF,0XFF,0XFF,0XFF,0XFF,0XFF,
   5          0XFF,0XFF,0XFF,0XFF,0XFF,0XFF,0XFF,0XFF,0XFF,0XFF,0XFF,0XFF,0XFF,0XFF,0XFF,0XFF,
   6          0XFF,0XFF,0XFF,0XFF,0XFF,0XFF,0XFF,0XFF,0XFF,0XFF,0XFF,0XFF,0XFF,0XDF,0XFF,0XFF,
   7          0XFF,0XFF,0XFF,0XFF,0XFF,0XFF,0XFF,0XFF,0XFF,0XFF,0XFF,0XBF,0XFF,0XFF,0XFF,0XFF,
   8          0XFF,0XFE,0XFF,0XFF,0XFF,0XFF,0XFF,0XFF,0XFF,0XDF,0XFF,0XFF,0XFF,0XFF,0XFF,0XFF,
   9          0XFF,0XFF,0XFF,0XFF,0XFF,0XDF,0XFF,0XFF,0XFF,0XFF,0XFF,0XFF,0XFF,0XFF,0XFF,0XFF,
  10          0XFF,0XFF,0XFF,0XFF,0XFF,0XDF,0XFF,0XFF,0XFF,0XFF,0XFF,0XFF,0XFF,0XFF,0XFF,0XFF,
  11          0XFF,0XFF,0XFF,0XFF,0XFF,0XFF,0XFF,0XFF,0XFF,0XDF,0XFF,0XFF,0XFF,0XFF,0XFF,0XDF,
  12          0XFF,0XFF,0XFF,0XFF,0XFF,0XFF,0XFF,0XFF,0XFF,0XFF,0XFF,0XFE,0XFF,0XFF,0XFF,0XFF,
  13          0XFF,0XFF,0XFF,0XFF,0XFF,0XFF,0XFF,0XFF,0XFF,0XFF,0XFF,0XFF,0XFF,0XFF,0XFF,0XFF,
  14          0XFF,0XFF,0XFF,0XFF,0XFF,0XFF,0XFF,0XFF,0XFF,0XDF,0XFF,0XFF,0XFF,0XFF,0XFF,0XFF,
  15          0XFF,0XFF,0XFF,0XFF,0XFF,0XFF,0XFF,0XFF,0XFF,0XFF,0XFF,0XDF,0XFF,0XDF,0XFF,0XFF,
  16          0XFF,0XFF,0XFF,0XFF,0XFF,0XFF,0XFF,0XFF,0XFF,0XFF,0XFF,0XFF,0XFF,0XFF,0XFF,0XFF,
  17          0XF7,0XFF,0XFF,0XFF,0XFF,0XFF,0XFF,0XDF,0XFF,0XFF,0XFF,0XFF,0XFF,0XFF,0XFF,0XFF,
  18          0XFF,0XFF,0XFF,0XFF,0XFF,0XFF,0XFF,0XFF,0XFF,0XFF,0XFF,0XFF,0XFF,0XFF,0XFF,0XFF,
  19          0XFF,0XFF,0XFF,0XFF,0XFF,0XFF,0XFF,0XFF,0XFF,0XFF,0XFF,0XFF,0XFF,0XFF,0XFF,0XFF,
  20          0XFF,0XFF,0XFF,0XFF,0XFF,0XFF,0XFF,0XDF,0XFF,0XFF,0XFF,0XFF,0XFF,0XFF,0XFF,0XFF,
  21          0XFF,0XFF,0XFF,0XFF,0XFF,0XFF,0XFF,0XDF,0XFF,0XFF,0XA5,0X34,0X10,0X62,0X00,0X00,
  22          0X42,0X08,0XFF,0XDF,0XFF,0XFF,0XFF,0XFF,0XFF,0XDF,0XFF,0XFF,0XFF,0XFF,0XFF,0XFF,
  23          0XFF,0XFF,0X00,0X20,0X00,0X00,0X7B,0XEF,0XFF,0XFF,0XFF,0XFF,0XFF,0XFF,0XFF,0XFF,
  24          0XFF,0XFF,0XFF,0XFF,0XFF,0XFF,0XFF,0XFF,0XFF,0XFF,0XFF,0XFF,0XFF,0XFF,0XFF,0XFF,
  25          0XF7,0XFE,0XFF,0XFF,0XFF,0XFF,0XFF,0XFF,0XFF,0XFF,0XFF,0XFF,0XFF,0XFF,0XE7,0X1D,
  26          0X18,0XE3,0X00,0X20,0X00,0X00,0X00,0X00,0X00,0X00,0X00,0X00,0XFF,0XFF,0XFF,0XFF,
  27          0XFF,0XFF,0XFF,0XFF,0XFF,0XFF,0XFF,0XFF,0XFF,0XFF,0XA5,0X34,0X00,0X00,0X00,0X20,
  28          0X00,0X00,0XDE,0XFB,0XFF,0XFF,0XFF,0XDF,0XFF,0XFF,0XFF,0XFF,0XFF,0XFF,0XFF,0XFF,
  29          0XFF,0XDE,0XFF,0XFF,0XFF,0XDF,0XFF,0XFF,0XFF,0XFF,0XFF,0XFE,0XFF,0XFF,0XFF,0XFF,
  30          0XFF,0XFF,0XFF,0XFF,0X62,0XEC,0X00,0X00,0X00,0X00,0X00,0X20,0XCE,0X79,0XFF,0XFF,
  31          0X18,0XE3,0X00,0X00,0XB5,0X96,0XFF,0XFF,0XFF,0XFF,0XFF,0XFF,0XFF,0XFF,0XFF,0XFF,
  32          0XFF,0XFF,0XFF,0XFF,0XFF,0XFF,0X84,0X30,0X00,0X00,0X00,0X00,0X94,0X92,0XFF,0XFF,
  33          0XFF,0XFF,0XFF,0XFF,0XFF,0XFF,0XFF,0XFF,0XFF,0XDF,0XFF,0XDF,0X8C,0X31,0X29,0X45,
  34          0X18,0XE3,0X18,0XE2,0X21,0X04,0X21,0X04,0X18,0XC3,0X00,0X00,0X00,0X00,0X00,0X00,
  35          0X8C,0X70,0XFF,0XFE,0XFF,0XFF,0XFF,0XFF,0X5B,0X0C,0X00,0X00,0XAD,0X55,0XFF,0XFF,
  36          0XFF,0XFF,0XFF,0XFF,0XFF,0XFF,0XFF,0XFF,0XFF,0XFF,0XFF,0XFF,0XFF,0XFF,0XFF,0XFF,
  37          0XEF,0X7D,0X00,0X00,0X00,0X00,0X84,0X30,0XFF,0XFF,0XFF,0XFF,0XFF,0XFF,0XFF,0XFF,
  38          0XFF,0XFF,0X29,0X25,0X00,0X00,0X00,0X00,0X00,0X00,0X00,0X00,0X00,0X00,0X00,0X00,
  39          0X00,0X00,0X00,0X00,0X5A,0XEB,0XFF,0XFE,0XFF,0XFE,0XFF,0XFF,0XFF,0XFF,0XFF,0XFF,
  40          0X52,0XCB,0X00,0X21,0XAD,0X55,0XFF,0XFF,0XFF,0XFF,0XFF,0XFF,0XFF,0XDF,0XFF,0XFF,
  41          0XFF,0XFF,0XFF,0XFF,0XFF,0XFF,0XFF,0XFF,0XFF,0XFF,0XF7,0X9E,0X00,0X00,0X00,0X00,
  42          0XBD,0XF7,0XFF,0XFF,0XFF,0XFF,0XFF,0XFF,0XAD,0X76,0X00,0X21,0X39,0XC7,0XFF,0XFF,
  43          0XFF,0XFF,0XFF,0XFF,0XFF,0XFF,0XFF,0XFF,0XFF,0XFF,0XFF,0XFF,0XFF,0XFF,0XFF,0XFF,
  44          0XFF,0XFF,0XF7,0XFF,0XF7,0XFF,0XF7,0XFF,0X52,0XCC,0X00,0X00,0XAD,0X96,0XFF,0XFF,
  45          0XFF,0XFF,0XFF,0XFF,0XFF,0XFF,0XFF,0XFF,0XFF,0XFF,0XFF,0XFF,0XFF,0XFF,0XFF,0XFF,
  46          0XFF,0XFF,0XFF,0XFF,0XCE,0X59,0X00,0X00,0X00,0X20,0XFF,0XDF,0XFF,0XFF,0XFF,0XFF,
  47          0X63,0X8E,0X00,0X00,0XDF,0X1C,0XFF,0XFF,0XFF,0XFF,0XFF,0XDE,0XFF,0XFE,0XFF,0XFF,
  48          0XFF,0XFF,0XFF,0XDF,0XFF,0XDF,0XFF,0XFF,0XFF,0XFF,0XEF,0XFF,0XCF,0XFF,0X7D,0XDA,
  49          0X09,0X46,0X00,0X21,0XA5,0X35,0XFF,0XFF,0XFF,0XFF,0XFF,0XFF,0X5A,0XCA,0X39,0XC6,
  50          0XF7,0X7E,0XFF,0XFF,0XFF,0XFF,0XFF,0XFF,0XFF,0XFF,0XFF,0XDF,0XFF,0XFF,0X73,0X6D,
  51          0X00,0X00,0X42,0X08,0XFF,0XDF,0XFF,0XFF,0X63,0X6D,0X00,0X00,0XEF,0X7D,0XFF,0XFF,
  52          0XF7,0XFF,0XF7,0XFF,0XEF,0XFF,0XEF,0XFF,0XEF,0XFF,0XEF,0XFF,0XF7,0XFF,0XEF,0XFF,
  53          0XE7,0XFF,0X9E,0X9E,0X24,0X36,0X34,0X76,0X09,0X88,0X00,0X01,0XAD,0XB7,0XFF,0XFF,
  54          0XFF,0XFF,0XFF,0XFF,0X00,0X00,0X00,0X00,0X00,0X00,0XAD,0X55,0XFF,0XDF,0XFF,0XFF,
C51 COMPILER V9.60.0.0   BEEP_ON_ICON                                                      12/14/2021 10:58:50 PAGE 2   

  55          0XFF,0XFF,0XFF,0XFF,0XFF,0XFF,0XFF,0XFF,0X00,0X00,0X00,0X00,0XEF,0X7D,0XFF,0XDF,
  56          0X5B,0X2D,0X00,0X00,0XF7,0X7D,0XFF,0XFF,0XE7,0XFF,0XA6,0XDF,0X96,0XDF,0X96,0XDF,
  57          0X96,0XFF,0X8E,0XDF,0X96,0XDF,0X7E,0X5F,0X34,0X98,0X1C,0X57,0X14,0X79,0X34,0XD9,
  58          0X09,0X89,0X00,0X01,0XA5,0X55,0XFF,0XFF,0XFF,0XFF,0XFF,0XFF,0XFF,0XFF,0X8C,0X50,
  59          0X00,0X00,0X00,0X20,0XB5,0XB7,0XFF,0XFF,0XFF,0XFF,0XFF,0XFF,0XFF,0XFF,0XFF,0XFF,
  60          0X94,0X92,0X00,0X00,0X5A,0XCB,0XFF,0XFF,0X63,0X4D,0X00,0X00,0XF7,0X3C,0XF7,0XFF,
  61          0X54,0XB7,0X23,0XF7,0X24,0X38,0X1C,0X17,0X1C,0X17,0X24,0X78,0X1C,0X37,0X14,0X38,
  62          0X14,0X9A,0X0C,0XBA,0X14,0XDB,0X34,0XDA,0X01,0XA9,0X00,0X01,0XA5,0X76,0XFF,0XFF,
  63          0XFF,0XDF,0XFF,0XFF,0XFF,0XFF,0XFF,0XFF,0XD6,0X9A,0X00,0X00,0X00,0X00,0XFF,0XFF,
  64          0XFF,0XFF,0XFF,0XFF,0XFF,0XDF,0XFF,0XFF,0XFF,0XFF,0X00,0X00,0X00,0X00,0XFF,0XFF,
  65          0X63,0X2C,0X00,0X00,0XF7,0X5D,0XEF,0XFF,0X23,0XF5,0X1C,0XBA,0X14,0X9A,0X14,0XBA,
  66          0X14,0XDA,0X14,0X99,0X1C,0XBA,0X1C,0XBB,0X14,0XBB,0X0C,0X9A,0X14,0XDC,0X2C,0XB9,
  67          0X01,0XA9,0X00,0X21,0XA5,0X76,0XF7,0XFF,0XFF,0XFF,0XFF,0XFF,0XFF,0XFF,0XFF,0XFF,
  68          0XFF,0XDF,0X84,0X10,0X00,0X00,0X5A,0XEC,0XFF,0XFF,0XFF,0XFF,0XFF,0XDF,0XFF,0XFF,
  69          0XFF,0XFF,0X21,0X04,0X00,0X00,0XE7,0X3C,0X6B,0X2C,0X00,0X00,0XEF,0X5D,0XE7,0XFF,
  70          0X1C,0X16,0X0C,0XDB,0X0C,0XBA,0X0C,0XDB,0X0C,0XDB,0X0C,0XBA,0X14,0X9A,0X1C,0XBB,
  71          0X0C,0X9B,0X0C,0XBB,0X0C,0XBC,0X2C,0XDA,0X01,0XAA,0X00,0X22,0XA5,0X56,0XFF,0XFF,
  72          0XFF,0XFF,0XFF,0XFF,0XFF,0XFF,0XFF,0XFF,0XFF,0XFF,0XFF,0XFF,0X00,0X00,0X00,0X00,
  73          0XFF,0XFF,0XFF,0XFF,0XFF,0XFF,0XFF,0XFF,0XFF,0XFF,0X6B,0X6D,0X00,0X00,0XAD,0X55,
  74          0X63,0X2C,0X00,0X00,0XEF,0X7D,0XE7,0XFF,0X1C,0X16,0X14,0XBB,0X14,0XBA,0X0C,0XDA,
  75          0X0C,0XBB,0X0C,0XBB,0X14,0XBB,0X14,0XBB,0X14,0XBB,0X0C,0XBB,0X0C,0XBC,0X2C,0XDB,
  76          0X01,0XAA,0X00,0X21,0XAD,0X76,0XFF,0XFF,0XFF,0XFF,0XFF,0XFF,0XFF,0XFF,0XFF,0XFF,
  77          0XFF,0XFF,0XFF,0XDF,0X4A,0X69,0X00,0X00,0XE7,0X3D,0XFF,0XFF,0XFF,0XFF,0XFF,0XFF,
  78          0XFF,0XFF,0X94,0XB2,0X00,0X00,0X8C,0X51,0X63,0X2C,0X00,0X00,0XEF,0X7D,0XE7,0XFF,
  79          0X1C,0X16,0X14,0XBB,0X14,0XBA,0X14,0XBA,0X14,0XBB,0X0C,0XBB,0X0C,0XDB,0X0C,0XDB,
  80          0X14,0XBB,0X14,0XBB,0X0C,0XBC,0X2C,0XDA,0X01,0X8A,0X00,0X42,0XA5,0X76,0XFF,0XFF,
  81          0XFF,0XFF,0XFF,0XFF,0XFF,0XFF,0XFF,0XFF,0XFF,0XFF,0XFF,0XFF,0X73,0X8D,0X00,0X00,
  82          0XD6,0X9A,0XFF,0XFF,0XFF,0XFF,0XFF,0XFF,0XFF,0XFF,0XB5,0X96,0X00,0X00,0X73,0X8E,
  83          0X6B,0X2D,0X00,0X00,0XEF,0X7D,0XE7,0XFF,0X1C,0X17,0X14,0XBB,0X14,0XBA,0X14,0XBA,
  84          0X14,0XBB,0X14,0XBB,0X14,0XDB,0X14,0XBB,0X14,0XBB,0X14,0XBB,0X14,0XBB,0X2C,0XD9,
  85          0X01,0XAA,0X00,0X21,0XAD,0X76,0XFF,0XFF,0XFF,0XFF,0XFF,0XFF,0XFF,0XFF,0XFF,0XFF,
  86          0XFF,0XFF,0XFF,0XDF,0X6B,0X6D,0X00,0X00,0XDE,0XDB,0XFF,0XFF,0XFF,0XFF,0XFF,0XFF,
  87          0XFF,0XFF,0XA5,0X34,0X00,0X00,0X73,0X8E,0X6B,0X2C,0X00,0X00,0XEF,0X7D,0XE7,0XFF,
  88          0X1C,0X17,0X0C,0XDB,0X0C,0XBB,0X14,0XBB,0X14,0XBB,0X14,0X9B,0X14,0XBB,0X14,0XBB,
  89          0X14,0XBB,0X14,0XBB,0X14,0XBB,0X2C,0XD9,0X01,0XA9,0X00,0X22,0XA5,0X76,0XFF,0XDF,
  90          0XFF,0XFF,0XFF,0XFF,0XFF,0XFF,0XFF,0XFF,0XFF,0XFF,0XFF,0XFF,0X21,0X04,0X00,0X00,
  91          0XFF,0XFF,0XFF,0XFF,0XFF,0XFF,0XFF,0XFF,0XFF,0XFF,0X94,0X92,0X00,0X00,0X94,0XB2,
  92          0X6B,0X2C,0X00,0X00,0XF7,0X7D,0XE7,0XFF,0X14,0X17,0X0C,0XDC,0X0C,0XDC,0X0C,0XBB,
  93          0X14,0XBB,0X14,0XBB,0X14,0XBB,0X14,0XBB,0X14,0XBB,0X0C,0XBB,0X0C,0XBB,0X2C,0XDA,
  94          0X01,0XAA,0X00,0X42,0XA5,0X55,0XFF,0XFF,0XFF,0XFF,0XF7,0XDE,0XFF,0XFF,0XFF,0XFF,
  95          0XFF,0XFF,0XF7,0X9D,0X00,0X00,0X18,0XE3,0XFF,0XFF,0XFF,0XFF,0XFF,0XFF,0XFF,0XFF,
  96          0XFF,0XFF,0X52,0X8A,0X00,0X00,0XB5,0X96,0X6B,0X2C,0X00,0X00,0XF7,0X7D,0XE7,0XFF,
  97          0X1C,0X17,0X0C,0XDC,0X0C,0XDC,0X0C,0XBC,0X14,0XBB,0X14,0XBB,0X14,0XBB,0X14,0XBB,
  98          0X14,0XBB,0X0C,0XBB,0X0C,0XBB,0X2C,0XDA,0X01,0XAA,0X00,0X21,0XAD,0X76,0XFF,0XFF,
  99          0XFF,0XFF,0XFF,0XFF,0XFF,0XFF,0XFF,0XFF,0XFF,0XFF,0X21,0X04,0X00,0X00,0X9C,0XF3,
 100          0XFF,0XFF,0XFF,0XFF,0XFF,0XFF,0XFF,0XFF,0XFF,0XFF,0X08,0X41,0X00,0X00,0XFF,0XDF,
 101          0X63,0X4C,0X00,0X00,0XEF,0X7C,0XE7,0XFF,0X1C,0X17,0X0C,0XBC,0X0C,0XBC,0X14,0XBB,
 102          0X14,0XBB,0X14,0XBA,0X14,0XBB,0X14,0XBA,0X14,0XBB,0X0C,0XBB,0X14,0XBB,0X2C,0XDA,
 103          0X01,0XCA,0X00,0X21,0XAD,0X76,0XFF,0XFF,0XFF,0XFF,0XFF,0XFF,0XFF,0XFF,0XFF,0XFF,
 104          0X42,0X28,0X00,0X00,0X10,0XA2,0XFF,0XFF,0XFF,0XBF,0XFF,0XFF,0XFF,0XFF,0XFF,0XFF,
 105          0XE7,0X1C,0X00,0X00,0X08,0X41,0XFF,0XFF,0X63,0X4C,0X00,0X00,0XEF,0X7C,0XE7,0XFF,
 106          0X1C,0X16,0X14,0XBC,0X14,0XBC,0X14,0XBB,0X14,0XBB,0X14,0XBA,0X14,0XBB,0X14,0XBB,
 107          0X14,0XBB,0X0C,0XBB,0X14,0XBC,0X2C,0XDA,0X01,0XAA,0X00,0X21,0XA5,0X55,0XFF,0XFF,
 108          0XFF,0XFF,0XFF,0XFF,0XCE,0X9A,0X00,0X21,0X00,0X00,0X00,0X00,0XFF,0XFF,0XFF,0XFF,
 109          0XFF,0XFF,0XFF,0XFF,0XFF,0XFF,0XFF,0XFF,0X5A,0XEB,0X00,0X00,0X94,0X92,0XFF,0XFF,
 110          0X63,0X4C,0X00,0X20,0XEF,0X7D,0XE7,0XFF,0X1B,0XF7,0X14,0X9C,0X0C,0XBC,0X14,0XDC,
 111          0X14,0XBB,0X14,0XBB,0X14,0X9A,0X14,0XBB,0X14,0XBB,0X0C,0XDB,0X0C,0XBB,0X2C,0XDA,
 112          0X01,0XAA,0X00,0X21,0XA5,0X55,0XFF,0XFF,0XFF,0XFF,0XFF,0XFF,0X00,0X00,0X00,0X00,
 113          0X21,0X04,0XFF,0XFF,0XFF,0XFF,0XFF,0XFF,0XFF,0XFF,0XFF,0XDF,0XFF,0XFF,0XF7,0X9E,
 114          0X00,0X00,0X00,0X00,0XFF,0XDF,0XFF,0XFF,0X6B,0X6D,0X00,0X00,0XE7,0X3C,0XE7,0XFF,
 115          0X23,0XF6,0X1C,0XBB,0X1C,0X9A,0X1C,0X9A,0X1C,0XBA,0X1C,0X9A,0X1C,0XBB,0X14,0XBB,
 116          0X0C,0XBB,0X0C,0XDB,0X0C,0XBB,0X2C,0XDA,0X01,0XA9,0X00,0X21,0XAD,0X96,0XFF,0XFF,
C51 COMPILER V9.60.0.0   BEEP_ON_ICON                                                      12/14/2021 10:58:50 PAGE 3   

 117          0XFF,0XFF,0XFF,0XFF,0XCE,0X7A,0XB5,0X96,0XFF,0XDF,0XFF,0XFF,0XFF,0XFF,0XFF,0XFF,
 118          0XFF,0XFF,0XFF,0XFF,0XFF,0XFF,0X18,0XE3,0X00,0X00,0X8C,0X51,0XFF,0XFF,0XFF,0XFF,
 119          0XB5,0X76,0X00,0X00,0X39,0XE8,0XEF,0XFF,0X44,0X35,0X44,0XB9,0X44,0XD9,0X44,0XD8,
 120          0X44,0XD9,0X3C,0XFA,0X24,0XBB,0X1C,0XBB,0X0C,0XBB,0X0C,0XDB,0X0C,0XDB,0X2C,0XD9,
 121          0X01,0XA9,0X00,0X01,0XAD,0X76,0XFF,0XFF,0XFF,0XFF,0XFF,0XFF,0XFF,0XFF,0XFF,0XFF,
 122          0XFF,0XFF,0XFF,0XFF,0XFF,0XFF,0XFF,0XFF,0XFF,0XFF,0XFF,0XDF,0X6B,0X4D,0X00,0X00,
 123          0X08,0X41,0XFF,0XFF,0XFF,0XFF,0XFF,0XFF,0XFF,0XFF,0X21,0X04,0X00,0X00,0X00,0X21,
 124          0X00,0X64,0X00,0X65,0X00,0X85,0X00,0X64,0X00,0X85,0X00,0X66,0X02,0X0E,0X34,0XB9,
 125          0X24,0XDA,0X14,0XBA,0X14,0XBB,0X2C,0XFA,0X01,0XA9,0X00,0X62,0XA5,0X55,0XFF,0XFF,
 126          0XFF,0XFF,0XFF,0XFF,0XFF,0XFF,0XFF,0XFF,0XFF,0XFF,0XFF,0XFF,0XFF,0XFF,0XFF,0XFF,
 127          0XFF,0XFF,0X94,0X72,0X00,0X00,0X00,0X00,0XFF,0XFF,0XFF,0XDF,0XFF,0XFF,0XFF,0XFF,
 128          0XFF,0XDF,0XFF,0XFF,0X8C,0X10,0X29,0X45,0X11,0X05,0X09,0X26,0X09,0X25,0X09,0X25,
 129          0X08,0XE4,0X00,0X21,0X00,0X22,0X00,0X44,0X1B,0X30,0X34,0XD9,0X1C,0XBB,0X2C,0XDA,
 130          0X01,0XA9,0X00,0X01,0XAD,0X55,0XFF,0XFF,0XFF,0XFF,0XFF,0XFF,0XFF,0XFF,0XFF,0XFF,
 131          0XFF,0XFF,0XFF,0XFF,0XFF,0XFF,0XFF,0XFF,0X6B,0X6E,0X00,0X00,0X00,0X00,0XCE,0X79,
 132          0XFF,0XFF,0XFF,0XFF,0XFF,0XFF,0XFF,0XFF,0XFF,0XFF,0XFF,0XFF,0XFF,0XFF,0XFF,0XFE,
 133          0XFF,0XFF,0XFF,0XFF,0XF7,0XFE,0XFF,0XFF,0XFF,0XFF,0XFF,0XFF,0X08,0X61,0X00,0X20,
 134          0X00,0X63,0X00,0XE7,0X2C,0X16,0X4C,0XB8,0X00,0XA5,0X00,0X21,0XB5,0X96,0XFF,0XFF,
 135          0XFF,0XFF,0XFF,0XFF,0XFF,0XFF,0XFF,0XFF,0XFF,0XFF,0XFF,0XFF,0XCE,0X79,0X08,0X81,
 136          0X00,0X20,0X00,0X00,0XD6,0X9A,0XFF,0XFF,0XFF,0XFF,0XFF,0XFF,0XFF,0XFF,0XFF,0XFF,
 137          0XFF,0XFF,0XFF,0XFF,0XF7,0XDE,0XFF,0XFF,0XFF,0XFF,0XFF,0XFF,0XFF,0XFF,0XFF,0XFF,
 138          0XFF,0XFF,0XFF,0XFF,0XFF,0XFF,0X94,0XD3,0X00,0X21,0X00,0X21,0X00,0X43,0X00,0X42,
 139          0X00,0X21,0X00,0X01,0XFF,0XFF,0XFF,0XFF,0XFF,0XFF,0XFF,0XDE,0XFF,0XFF,0XFF,0XFF,
 140          0XFF,0XFF,0X39,0XC7,0X00,0X00,0X00,0X00,0X10,0X82,0XFF,0XFF,0XFF,0XFF,0XFF,0XFF,
 141          0XFF,0XFF,0XFF,0XFF,0XFF,0XFF,0XFF,0XFF,0XFF,0XDE,0XFF,0XFF,0XFF,0XFF,0XFF,0XFF,
 142          0XFF,0XFF,0XFF,0XFF,0XFF,0XFF,0XFF,0XFF,0XFF,0XFF,0XFF,0XDF,0XFF,0XFF,0XFF,0XFF,
 143          0XFF,0XFF,0X4A,0X69,0X00,0X00,0X00,0X00,0X00,0X20,0XBE,0X39,0XFF,0XFF,0XFF,0XDF,
 144          0XFF,0XFF,0XFF,0XFF,0XFF,0XFF,0XFF,0XFF,0XFF,0XFF,0X00,0X00,0X00,0X00,0XA5,0X14,
 145          0XFF,0XFF,0XFF,0XFF,0XFF,0XFF,0XFF,0XFF,0XFF,0XFF,0XFF,0XFF,0XFF,0XFF,0XFF,0XFF,
 146          0XFF,0XFF,0XFF,0XFF,0XFF,0XFF,0XFF,0XFF,0XFF,0XFF,0XFF,0XFF,0XFF,0XFF,0XFF,0XFF,
 147          0XFF,0XFF,0XFF,0XFF,0XFF,0XFF,0XFF,0XFF,0XFF,0XFF,0XFF,0XFF,0XFF,0XDF,0XDE,0XFB,
 148          0XFF,0XFF,0XFF,0XFF,0XFF,0XFF,0XFF,0XFF,0XFF,0XFF,0XFF,0XFF,0XFF,0XFF,0XFF,0XFF,
 149          0XFF,0XFF,0XFF,0XFF,0XFF,0XFF,0XFF,0XFF,0XFF,0XFF,0XFF,0XFF,0XFF,0XFF,0XFF,0XFF,
 150          0XFF,0XFF,0XFF,0XFF,0XFF,0XFF,0XFF,0XFF,0XFF,0XFF,0XFF,0XFF,0XFF,0XFF,0XFF,0XFF,
 151          0XFF,0XFF,0XFF,0XFF,0XFF,0XFF,0XFF,0XFF,0XFF,0XFF,0XFF,0XFF,0XFF,0XFF,0XFF,0XFF,
 152          0XFF,0XFF,0XFF,0XFF,0XFF,0XFF,0XFF,0XDF,0XFF,0XFF,0XFF,0XFF,0XFF,0XFF,0XFF,0XFF,
 153          0XFF,0XFF,0XFF,0XFF,0XFF,0XFF,0XFF,0XFF,0XFF,0XFF,0XFF,0XFF,0XFF,0XFF,0XFF,0XFF,
 154          0XFF,0XFF,0XFF,0XFF,0XFF,0XFF,0XFF,0XFF,0XFF,0XFF,0XFF,0XFF,0XFF,0XFF,0XFF,0XFF,
 155          0XFF,0XFF,0XFF,0XFF,0XFF,0XFF,0XFF,0XFF,0XFF,0XFF,0XFF,0XFF,0XFF,0XFF,0XFF,0XFF,
 156          0XFF,0XFF,0XFF,0XFF,0XFF,0XFF,0XFF,0XFF,0XFF,0XFF,0XFF,0XFF,0XFF,0XFF,0XFF,0XFF,
 157          0XFF,0XFF,0XFF,0XFF,0XFF,0XFF,0XFF,0XFF,0XFF,0XFF,0XFF,0XFF,0XFF,0XFF,0XFF,0XFF,
 158          0XFF,0XFF,0XFF,0XFF,0XFF,0XFF,0XFF,0XFF,0XFF,0XFF,0XFF,0XFF,0XFF,0XFF,0XFF,0XFF,
 159          0XFF,0XFF,0XFF,0XFF,0XFF,0XFF,0XFF,0XFF,0XFF,0XFF,0XFF,0XFF,0XFF,0XFF,0XFF,0XFF,
 160          0XFF,0XFF,0XFF,0XFF,0XFF,0XFF,0XFF,0XFF,0XFF,0XFF,0XFF,0XFF,0XFF,0XFF,0XFF,0XFF,
 161          0XFF,0XFF,0XFF,0XFF,0XFF,0XFF,0XFF,0XFF,0XFF,0XFF,0XFF,0XFF,0XFF,0XFF,0XFF,0XFF,
 162          0XFF,0XFF,0XFF,0XFF,0XFF,0XFF,0XFF,0XFF,0XFF,0XFF,0XFF,0XFF,0XFF,0XFF,0XFF,0XFF,
 163          0XFF,0XFF,0XFF,0XFF,0XFF,0XFF,0XFF,0XFF,0XFF,0XFF,0XFF,0XFF,0XFF,0XFF,0XFF,0XFF,
 164          };


MODULE INFORMATION:   STATIC OVERLAYABLE
   CODE SIZE        =   ----    ----
   CONSTANT SIZE    =   2592    ----
   XDATA SIZE       =   ----    ----
   PDATA SIZE       =   ----    ----
   DATA SIZE        =   ----    ----
   IDATA SIZE       =   ----    ----
   BIT SIZE         =   ----    ----
END OF MODULE INFORMATION.


C51 COMPILATION COMPLETE.  0 WARNING(S),  0 ERROR(S)
