C51 COMPILER V9.60.0.0   FONT                                                              12/14/2021 10:58:49 PAGE 1   


C51 COMPILER V9.60.0.0, COMPILATION OF MODULE FONT
OBJECT MODULE PLACED IN .\Objects\font.obj
COMPILER INVOKED BY: D:\Keil_v5\C51\BIN\C51.EXE api\font.c OPTIMIZE(8,SPEED) BROWSE INCDIR(.\api;.\stc8_lib) DEBUG OBJEC
                    -TEXTEND PRINT(.\Listings\font.lst) TABS(2) OBJECT(.\Objects\font.obj)

line level    source

   1          #include "font.h"
   2          
   3          code uint8_t smg[] = {"./0123456789 "};
   4          code uint8_t smg_32_64[][256] = {
   5          {0x00,0x00,0x00,0x00,0x00,0x00,0x00,0x00,0x00,0x00,0x00,0x00,0x00,0x00,0x00,0x00,0x00,0x00,0x00,0x00,0x00,
             -0x00,0x00,0x00,0x00,0x00,0x00,0x00,0x00,0x00,0x00,0x00,0x00,0x00,0x00,0x00,0x00,0x00,0x00,0x00,0x00,0x00,0x00,0x00,0x00,
             -0x00,0x00,0x00,0x00,0x00,0x00,0x00,0x00,0x00,0x00,0x00,0x00,0x00,0x00,0x00,0x00,0x00,0x00,0x00,
   6           0x00,0x00,0x00,0x00,0x00,0x00,0x00,0x00,0x00,0x00,0x00,0x00,0x00,0x00,0x00,0x00,0x00,0x00,0x00,0x00,0x00,
             -0x00,0x00,0x00,0x00,0x00,0x00,0x00,0x00,0x00,0x00,0x00,0x00,0x00,0x00,0x00,0x00,0x00,0x00,0x00,0x00,0x00,0x00,0x00,0x00,
             -0x00,0x00,0x00,0x00,0x00,0x00,0x00,0x00,0x00,0x00,0x00,0x00,0x00,0x00,0x00,0x00,0x00,0x00,0x00,
   7           0x00,0x00,0x00,0x00,0x00,0x00,0x00,0x00,0x00,0x00,0x00,0x00,0x00,0x00,0x00,0x00,0x00,0x00,0x00,0x00,0x00,
             -0x00,0x00,0x00,0x00,0x00,0x00,0x00,0x00,0x00,0x00,0x00,0x00,0x00,0x00,0x00,0x00,0x00,0x00,0x00,0x00,0x00,0x00,0x00,0x00,
             -0x00,0x00,0x00,0x00,0x00,0x00,0x00,0x7F,0x80,0x00,0x00,0x7F,0x80,0x00,0x00,0x7F,0x80,0x00,0x00,
   8           0x7F,0x80,0x00,0x00,0x7F,0x80,0x00,0x00,0x7F,0x80,0x00,0x00,0x7F,0x80,0x00,0x00,0x7F,0x80,0x00,0x00,0x00,
             -0x00,0x00,0x00,0x00,0x00,0x00,0x00,0x00,0x00,0x00,0x00,0x00,0x00,0x00,0x00,0x00,0x00,0x00,0x00,0x00,0x00,0x00,0x00,0x00,
             -0x00,0x00,0x00,0x00,0x00,0x00,0x00,0x00,0x00,0x00,0x00,0x00,0x00,0x00,0x00,0x00,0x00,0x00,0x00},/*".",0*/
   9          
  10          {0x00,0x00,0x00,0x00,0x00,0x00,0x00,0x00,0x00,0x00,0x00,0x00,0x00,0x00,0x00,0x00,0x00,0x00,0x00,0x00,0x00,
             -0x00,0x00,0x00,0x00,0x00,0x00,0x00,0x00,0x00,0x00,0x00,0x00,0x00,0x00,0x00,0x00,0x00,0x00,0x00,0x00,0x00,0x00,0x00,0x00,
             -0x00,0x00,0x00,0x00,0x00,0x00,0x00,0x00,0x00,0x00,0x00,0x00,0x00,0x00,0x00,0x00,0x00,0x00,0x00,
  11           0x00,0x00,0x00,0x00,0x00,0x00,0x00,0x01,0x00,0x00,0x00,0x03,0x00,0x00,0x00,0x07,0x00,0x00,0x00,0x0F,0x00,
             -0x00,0x00,0x1F,0x00,0x00,0x00,0x3F,0x00,0x00,0x00,0x3F,0x00,0x00,0x00,0x7F,0x00,0x00,0x00,0xFF,0x00,0x00,0x01,0xFF,0x00,
             -0x00,0x03,0xFF,0x00,0x00,0x07,0xFF,0x00,0x00,0x0F,0xFE,0x00,0x00,0x0F,0xFC,0x00,0x00,0x07,0xF8,
  12           0x00,0x00,0x07,0xF8,0x00,0x00,0x03,0xF0,0x00,0x00,0x01,0xE0,0x00,0x01,0xF8,0x00,0x00,0x03,0xFF,0x00,0x00,
             -0x03,0xFF,0x00,0x00,0x07,0xFE,0x00,0x00,0x0F,0xFE,0x00,0x00,0x1F,0xFC,0x00,0x00,0x3F,0xF8,0x00,0x00,0x7F,0xF0,0x00,0x00,
             -0xFF,0xE0,0x00,0x00,0xFF,0xC0,0x00,0x01,0xFF,0x80,0x00,0x03,0xFF,0x80,0x00,0x07,0xFF,0x00,0x00,
  13           0x0F,0xFE,0x00,0x00,0x1F,0xFC,0x00,0x00,0x3F,0xF8,0x00,0x00,0x3F,0xF0,0x00,0x00,0x3F,0xE0,0x00,0x00,0x00,
             -0x00,0x00,0x00,0x00,0x00,0x00,0x00,0x00,0x00,0x00,0x00,0x00,0x00,0x00,0x00,0x00,0x00,0x00,0x00,0x00,0x00,0x00,0x00,0x00,
             -0x00,0x00,0x00,0x00,0x00,0x00,0x00,0x00,0x00,0x00,0x00,0x00,0x00,0x00,0x00,0x00,0x00,0x00,0x00},/*"/",1*/
  14          
  15          {0x00,0x00,0x00,0x00,0x00,0x00,0x00,0x00,0x00,0x00,0x00,0x00,0x00,0x00,0x00,0x00,0x00,0x00,0x00,0x00,0x00,
             -0x00,0x00,0x00,0x00,0x00,0x00,0x00,0x00,0x00,0x00,0x00,0x00,0x00,0x00,0x00,0x00,0x00,0x00,0x00,0x00,0x00,0x00,0x00,0x00,
             -0x00,0x00,0x00,0x00,0x00,0x00,0x00,0x00,0x00,0x00,0x00,0x00,0x00,0x00,0x00,0x00,0x7F,0xFF,0xF0,
  16           0x00,0xFF,0xFF,0xFC,0x00,0xFF,0xFF,0xFC,0x00,0xFF,0xFF,0xFC,0x0F,0xFF,0xFF,0xFF,0x1F,0xE0,0x00,0x1F,0x1F,
             -0xE0,0x00,0x1F,0x1F,0xE0,0x00,0x1F,0x1F,0xE0,0x00,0x1F,0x1F,0xE0,0x00,0x1F,0x1F,0xE0,0x00,0x1F,0x1F,0xE0,0x00,0x1F,0x1F,
             -0xE0,0x00,0x1F,0x1F,0xE0,0x00,0x1F,0x1F,0xE0,0x00,0x1F,0x1F,0xE0,0x00,0x1F,0x1F,0xE0,0x00,0x1F,
  17           0x1F,0x80,0x00,0x07,0x1C,0x00,0x00,0x00,0x1C,0x00,0x00,0x00,0x1F,0x80,0x00,0x07,0x1F,0xE0,0x00,0x1F,0x1F,
             -0xE0,0x00,0x1F,0x1F,0xE0,0x00,0x1F,0x1F,0xE0,0x00,0x1F,0x1F,0xE0,0x00,0x1F,0x1F,0xE0,0x00,0x1F,0x1F,0xE0,0x00,0x1F,0x1F,
             -0xE0,0x00,0x1F,0x1F,0xE0,0x00,0x1F,0x1F,0xE0,0x00,0x1F,0x1F,0xE0,0x00,0x1F,0x1F,0xE0,0x00,0x1F,
  18           0x0F,0xFF,0xFF,0xFF,0x00,0xFF,0xFF,0xFF,0x00,0xFF,0xFF,0xFC,0x00,0xFF,0xFF,0xFC,0x00,0x7F,0xFF,0xF0,0x00,
             -0x00,0x00,0x00,0x00,0x00,0x00,0x00,0x00,0x00,0x00,0x00,0x00,0x00,0x00,0x00,0x00,0x00,0x00,0x00,0x00,0x00,0x00,0x00,0x00,
             -0x00,0x00,0x00,0x00,0x00,0x00,0x00,0x00,0x00,0x00,0x00,0x00,0x00,0x00,0x00,0x00,0x00,0x00,0x00},/*"0",2*/
  19          
  20          {0x00,0x00,0x00,0x00,0x00,0x00,0x00,0x00,0x00,0x00,0x00,0x00,0x00,0x00,0x00,0x00,0x00,0x00,0x00,0x00,0x00,
             -0x00,0x00,0x00,0x00,0x00,0x00,0x00,0x00,0x00,0x00,0x00,0x00,0x00,0x00,0x00,0x00,0x00,0x00,0x00,0x00,0x00,0x00,0x00,0x00,
             -0x00,0x00,0x00,0x00,0x00,0x00,0x00,0x00,0x00,0x00,0x00,0x00,0x00,0x00,0x00,0x00,0x00,0x0E,0x00,
  21           0x00,0x00,0x1E,0x00,0x00,0x00,0x7E,0x00,0x00,0x00,0xFE,0x00,0x00,0x01,0xFE,0x00,0x00,0x01,0xFE,0x00,0x00,
             -0x01,0xFE,0x00,0x00,0x01,0xFE,0x00,0x00,0x01,0xFE,0x00,0x00,0x01,0xFE,0x00,0x00,0x01,0xFE,0x00,0x00,0x01,0xFE,0x00,0x00,
             -0x01,0xFE,0x00,0x00,0x01,0xFE,0x00,0x00,0x01,0xFE,0x00,0x00,0x01,0xFE,0x00,0x00,0x01,0xFE,0x00,
  22           0x00,0x00,0x7E,0x00,0x00,0x00,0x0E,0x00,0x00,0x00,0x0E,0x00,0x00,0x00,0x7E,0x00,0x00,0x01,0xFE,0x00,0x00,
             -0x01,0xFE,0x00,0x00,0x01,0xFE,0x00,0x00,0x01,0xFE,0x00,0x00,0x01,0xFE,0x00,0x00,0x01,0xFE,0x00,0x00,0x01,0xFE,0x00,0x00,
             -0x01,0xFE,0x00,0x00,0x01,0xFE,0x00,0x00,0x01,0xFE,0x00,0x00,0x01,0xFE,0x00,0x00,0x01,0xFE,0x00,
  23           0x00,0x01,0xFE,0x00,0x00,0x00,0xFE,0x00,0x00,0x00,0x7E,0x00,0x00,0x00,0x1E,0x00,0x00,0x00,0x0E,0x00,0x00,
             -0x00,0x00,0x00,0x00,0x00,0x00,0x00,0x00,0x00,0x00,0x00,0x00,0x00,0x00,0x00,0x00,0x00,0x00,0x00,0x00,0x00,0x00,0x00,0x00,
C51 COMPILER V9.60.0.0   FONT                                                              12/14/2021 10:58:49 PAGE 2   

             -0x00,0x00,0x00,0x00,0x00,0x00,0x00,0x00,0x00,0x00,0x00,0x00,0x00,0x00,0x00,0x00,0x00,0x00,0x00},/*"1",3*/
  24          
  25          {0x00,0x00,0x00,0x00,0x00,0x00,0x00,0x00,0x00,0x00,0x00,0x00,0x00,0x00,0x00,0x00,0x00,0x00,0x00,0x00,0x00,
             -0x00,0x00,0x00,0x00,0x00,0x00,0x00,0x00,0x00,0x00,0x00,0x00,0x00,0x00,0x00,0x00,0x00,0x00,0x00,0x00,0x00,0x00,0x00,0x00,
             -0x00,0x00,0x00,0x00,0x00,0x00,0x00,0x00,0x00,0x00,0x00,0x00,0x00,0x00,0x00,0x00,0x7F,0xFF,0xF0,
  26           0x01,0xFF,0xFF,0xFC,0x03,0xFF,0xFF,0xFC,0x0F,0xFF,0xFF,0xFC,0x0F,0xFF,0xFF,0xFF,0x00,0x00,0x00,0x1F,0x00,
             -0x00,0x00,0x1F,0x00,0x00,0x00,0x1F,0x00,0x00,0x00,0x1F,0x00,0x00,0x00,0x1F,0x00,0x00,0x00,0x1F,0x00,0x00,0x00,0x1F,0x00,
             -0x00,0x00,0x1F,0x00,0x00,0x00,0x1F,0x00,0x00,0x00,0x1F,0x00,0x00,0x00,0x1F,0x00,0x7F,0xFF,0xFF,
  27           0x01,0xFF,0xFF,0xFF,0x07,0xFF,0xFF,0xFF,0x1F,0xFF,0xFF,0xFF,0x1F,0xFF,0xFF,0xFC,0x1F,0xFF,0x80,0x00,0x1F,
             -0xE0,0x00,0x00,0x1F,0xE0,0x00,0x00,0x1F,0xE0,0x00,0x00,0x1F,0xE0,0x00,0x00,0x1F,0xE0,0x00,0x00,0x1F,0xE0,0x00,0x00,0x1F,
             -0xE0,0x00,0x00,0x1F,0xE0,0x00,0x00,0x1F,0xE0,0x00,0x00,0x1F,0xE0,0x00,0x00,0x1F,0xE0,0x00,0x00,
  28           0x0F,0xFF,0xFF,0xFC,0x07,0xFF,0xFF,0xFE,0x00,0xFF,0xFF,0xFF,0x00,0xFF,0xFF,0xFF,0x00,0x7F,0xFF,0xFF,0x00,
             -0x00,0x00,0x00,0x00,0x00,0x00,0x00,0x00,0x00,0x00,0x00,0x00,0x00,0x00,0x00,0x00,0x00,0x00,0x00,0x00,0x00,0x00,0x00,0x00,
             -0x00,0x00,0x00,0x00,0x00,0x00,0x00,0x00,0x00,0x00,0x00,0x00,0x00,0x00,0x00,0x00,0x00,0x00,0x00},/*"2",4*/
  29          
  30          {0x00,0x00,0x00,0x00,0x00,0x00,0x00,0x00,0x00,0x00,0x00,0x00,0x00,0x00,0x00,0x00,0x00,0x00,0x00,0x00,0x00,
             -0x00,0x00,0x00,0x00,0x00,0x00,0x00,0x00,0x00,0x00,0x00,0x00,0x00,0x00,0x00,0x00,0x00,0x00,0x00,0x00,0x00,0x00,0x00,0x00,
             -0x00,0x00,0x00,0x00,0x00,0x00,0x00,0x00,0x00,0x00,0x00,0x00,0x00,0x00,0x00,0x1F,0xFF,0xFF,0xC0,
  31           0x1F,0xFF,0xFF,0xF0,0x0F,0xFF,0xFF,0xF0,0x03,0xFF,0xFF,0xF0,0x01,0xFF,0xFF,0xFF,0x00,0x00,0x00,0x7F,0x00,
             -0x00,0x00,0x7F,0x00,0x00,0x00,0x7F,0x00,0x00,0x00,0x7F,0x00,0x00,0x00,0x7F,0x00,0x00,0x00,0x7F,0x00,0x00,0x00,0x7F,0x00,
             -0x00,0x00,0x7F,0x00,0x00,0x00,0x7F,0x00,0x00,0x00,0x7F,0x00,0x00,0x00,0x7F,0x01,0xFF,0xFF,0xFF,
  32           0x0F,0xFF,0xFF,0xFF,0x1F,0xFF,0xFF,0xFF,0x1F,0xFF,0xFF,0xFF,0x01,0xFF,0xFF,0xFF,0x00,0x00,0x7F,0xFF,0x00,
             -0x00,0x00,0x7F,0x00,0x00,0x00,0x7F,0x00,0x00,0x00,0x7F,0x00,0x00,0x00,0x7F,0x00,0x00,0x00,0x7F,0x00,0x00,0x00,0x7F,0x00,
             -0x00,0x00,0x7F,0x00,0x00,0x00,0x7F,0x00,0x00,0x00,0x7F,0x00,0x00,0x00,0x7F,0x00,0x00,0x00,0x7F,
  33           0x01,0xFF,0xFF,0xFF,0x03,0xFF,0xFF,0xFE,0x0F,0xFF,0xFF,0xF0,0x1F,0xFF,0xFF,0xF0,0x1F,0xFF,0xFF,0xC0,0x00,
             -0x00,0x00,0x00,0x00,0x00,0x00,0x00,0x00,0x00,0x00,0x00,0x00,0x00,0x00,0x00,0x00,0x00,0x00,0x00,0x00,0x00,0x00,0x00,0x00,
             -0x00,0x00,0x00,0x00,0x00,0x00,0x00,0x00,0x00,0x00,0x00,0x00,0x00,0x00,0x00,0x00,0x00,0x00,0x00},/*"3",5*/
  34          
  35          {0x00,0x00,0x00,0x00,0x00,0x00,0x00,0x00,0x00,0x00,0x00,0x00,0x00,0x00,0x00,0x00,0x00,0x00,0x00,0x00,0x00,
             -0x00,0x00,0x00,0x00,0x00,0x00,0x00,0x00,0x00,0x00,0x00,0x00,0x00,0x00,0x00,0x00,0x00,0x00,0x00,0x00,0x00,0x00,0x00,0x00,
             -0x00,0x00,0x00,0x00,0x00,0x00,0x00,0x00,0x00,0x00,0x00,0x00,0x00,0x00,0x00,0x00,0x00,0x00,0x00,
  36           0x1E,0x00,0x00,0x01,0x1F,0x00,0x00,0x07,0x1F,0x80,0x00,0x0F,0x1F,0xE0,0x00,0x1F,0x1F,0xE0,0x00,0x1F,0x1F,
             -0xE0,0x00,0x1F,0x1F,0xE0,0x00,0x1F,0x1F,0xE0,0x00,0x1F,0x1F,0xE0,0x00,0x1F,0x1F,0xE0,0x00,0x1F,0x1F,0xE0,0x00,0x1F,0x1F,
             -0xE0,0x00,0x1F,0x1F,0xE0,0x00,0x1F,0x1F,0xE0,0x00,0x1F,0x1F,0xE0,0x00,0x1F,0x1F,0xFF,0xFF,0xFF,
  37           0x1F,0xFF,0xFF,0xFF,0x1F,0xFF,0xFF,0xFF,0x07,0xFF,0xFF,0xFF,0x00,0xFF,0xFF,0xFF,0x00,0x00,0x07,0xFF,0x00,
             -0x00,0x00,0x1F,0x00,0x00,0x00,0x1F,0x00,0x00,0x00,0x1F,0x00,0x00,0x00,0x1F,0x00,0x00,0x00,0x1F,0x00,0x00,0x00,0x1F,0x00,
             -0x00,0x00,0x1F,0x00,0x00,0x00,0x1F,0x00,0x00,0x00,0x1F,0x00,0x00,0x00,0x1F,0x00,0x00,0x00,0x1F,
  38           0x00,0x00,0x00,0x1F,0x00,0x00,0x00,0x0F,0x00,0x00,0x00,0x07,0x00,0x00,0x00,0x01,0x00,0x00,0x00,0x00,0x00,
             -0x00,0x00,0x00,0x00,0x00,0x00,0x00,0x00,0x00,0x00,0x00,0x00,0x00,0x00,0x00,0x00,0x00,0x00,0x00,0x00,0x00,0x00,0x00,0x00,
             -0x00,0x00,0x00,0x00,0x00,0x00,0x00,0x00,0x00,0x00,0x00,0x00,0x00,0x00,0x00,0x00,0x00,0x00,0x00},/*"4",6*/
  39          
  40          {0x00,0x00,0x00,0x00,0x00,0x00,0x00,0x00,0x00,0x00,0x00,0x00,0x00,0x00,0x00,0x00,0x00,0x00,0x00,0x00,0x00,
             -0x00,0x00,0x00,0x00,0x00,0x00,0x00,0x00,0x00,0x00,0x00,0x00,0x00,0x00,0x00,0x00,0x00,0x00,0x00,0x00,0x00,0x00,0x00,0x00,
             -0x00,0x00,0x00,0x00,0x00,0x00,0x00,0x00,0x00,0x00,0x00,0x00,0x00,0x00,0x00,0x00,0x7F,0xFF,0xFF,
  41           0x00,0xFF,0xFF,0xFF,0x00,0xFF,0xFF,0xFE,0x00,0xFF,0xFF,0xFC,0x0F,0xFF,0xFF,0xF0,0x1F,0xE0,0x00,0x00,0x1F,
             -0xE0,0x00,0x00,0x1F,0xE0,0x00,0x00,0x1F,0xE0,0x00,0x00,0x1F,0xE0,0x00,0x00,0x1F,0xE0,0x00,0x00,0x1F,0xE0,0x00,0x00,0x1F,
             -0xE0,0x00,0x00,0x1F,0xE0,0x00,0x00,0x1F,0xE0,0x00,0x00,0x1F,0xE0,0x00,0x00,0x1F,0xFF,0xFF,0xF8,
  42           0x1F,0xFF,0xFF,0xFE,0x1F,0xFF,0xFF,0xFF,0x07,0xFF,0xFF,0xFF,0x00,0xFF,0xFF,0xFF,0x00,0x00,0x07,0xFF,0x00,
             -0x00,0x00,0x1F,0x00,0x00,0x00,0x1F,0x00,0x00,0x00,0x1F,0x00,0x00,0x00,0x1F,0x00,0x00,0x00,0x1F,0x00,0x00,0x00,0x1F,0x00,
             -0x00,0x00,0x1F,0x00,0x00,0x00,0x1F,0x00,0x00,0x00,0x1F,0x00,0x00,0x00,0x1F,0x00,0x00,0x00,0x1F,
  43           0x00,0xFF,0xFF,0xFF,0x01,0xFF,0xFF,0xFF,0x07,0xFF,0xFF,0xFC,0x0F,0xFF,0xFF,0xFC,0x0F,0xFF,0xFF,0xF0,0x00,
             -0x00,0x00,0x00,0x00,0x00,0x00,0x00,0x00,0x00,0x00,0x00,0x00,0x00,0x00,0x00,0x00,0x00,0x00,0x00,0x00,0x00,0x00,0x00,0x00,
             -0x00,0x00,0x00,0x00,0x00,0x00,0x00,0x00,0x00,0x00,0x00,0x00,0x00,0x00,0x00,0x00,0x00,0x00,0x00},/*"5",7*/
  44          
  45          {0x00,0x00,0x00,0x00,0x00,0x00,0x00,0x00,0x00,0x00,0x00,0x00,0x00,0x00,0x00,0x00,0x00,0x00,0x00,0x00,0x00,
             -0x00,0x00,0x00,0x00,0x00,0x00,0x00,0x00,0x00,0x00,0x00,0x00,0x00,0x00,0x00,0x00,0x00,0x00,0x00,0x00,0x00,0x00,0x00,0x00,
             -0x00,0x00,0x00,0x00,0x00,0x00,0x00,0x00,0x00,0x00,0x00,0x00,0x00,0x00,0x00,0x00,0x7F,0xFF,0xFF,
  46           0x00,0xFF,0xFF,0xFF,0x00,0xFF,0xFF,0xFE,0x00,0xFF,0xFF,0xFC,0x0F,0xFF,0xFF,0xF0,0x1F,0xE0,0x00,0x00,0x1F,
             -0xE0,0x00,0x00,0x1F,0xE0,0x00,0x00,0x1F,0xE0,0x00,0x00,0x1F,0xE0,0x00,0x00,0x1F,0xE0,0x00,0x00,0x1F,0xE0,0x00,0x00,0x1F,
             -0xE0,0x00,0x00,0x1F,0xE0,0x00,0x00,0x1F,0xE0,0x00,0x00,0x1F,0xE0,0x00,0x00,0x1F,0xFF,0xFF,0xF8,
  47           0x1F,0xFF,0xFF,0xFE,0x1F,0xFF,0xFF,0xFF,0x1F,0xFF,0xFF,0xFF,0x1F,0xFF,0xFF,0xFF,0x1F,0xFF,0xFF,0xFF,0x1F,
             -0xE0,0x00,0x1F,0x1F,0xE0,0x00,0x1F,0x1F,0xE0,0x00,0x1F,0x1F,0xE0,0x00,0x1F,0x1F,0xE0,0x00,0x1F,0x1F,0xE0,0x00,0x1F,0x1F,
C51 COMPILER V9.60.0.0   FONT                                                              12/14/2021 10:58:49 PAGE 3   

             -0xE0,0x00,0x1F,0x1F,0xE0,0x00,0x1F,0x1F,0xE0,0x00,0x1F,0x1F,0xE0,0x00,0x1F,0x1F,0xE0,0x00,0x1F,
  48           0x0F,0xFF,0xFF,0xFF,0x07,0xFF,0xFF,0xFF,0x00,0xFF,0xFF,0xFC,0x00,0xFF,0xFF,0xFC,0x00,0x7F,0xFF,0xF0,0x00,
             -0x00,0x00,0x00,0x00,0x00,0x00,0x00,0x00,0x00,0x00,0x00,0x00,0x00,0x00,0x00,0x00,0x00,0x00,0x00,0x00,0x00,0x00,0x00,0x00,
             -0x00,0x00,0x00,0x00,0x00,0x00,0x00,0x00,0x00,0x00,0x00,0x00,0x00,0x00,0x00,0x00,0x00,0x00,0x00},/*"6",8*/
  49          
  50          {0x00,0x00,0x00,0x00,0x00,0x00,0x00,0x00,0x00,0x00,0x00,0x00,0x00,0x00,0x00,0x00,0x00,0x00,0x00,0x00,0x00,
             -0x00,0x00,0x00,0x00,0x00,0x00,0x00,0x00,0x00,0x00,0x00,0x00,0x00,0x00,0x00,0x00,0x00,0x00,0x00,0x00,0x00,0x00,0x00,0x00,
             -0x00,0x00,0x00,0x00,0x00,0x00,0x00,0x00,0x00,0x00,0x00,0x00,0x00,0x00,0x00,0x7F,0xFF,0xFF,0xFC,
  51           0x7F,0xFF,0xFF,0xFE,0x1F,0xFF,0xFF,0xFE,0x0F,0xFF,0xFF,0xFE,0x03,0xFF,0xFF,0xFE,0x00,0x00,0x01,0xFE,0x00,
             -0x00,0x01,0xFE,0x00,0x00,0x01,0xFE,0x00,0x00,0x01,0xFE,0x00,0x00,0x01,0xFE,0x00,0x00,0x01,0xFE,0x00,0x00,0x01,0xFE,0x00,
             -0x00,0x01,0xFE,0x00,0x00,0x01,0xFE,0x00,0x00,0x01,0xFE,0x00,0x00,0x01,0xFE,0x00,0x00,0x01,0xFE,
  52           0x00,0x00,0x00,0x7E,0x00,0x00,0x00,0x0E,0x00,0x00,0x00,0x0E,0x00,0x00,0x00,0x7E,0x00,0x00,0x01,0xFE,0x00,
             -0x00,0x01,0xFE,0x00,0x00,0x01,0xFE,0x00,0x00,0x01,0xFE,0x00,0x00,0x01,0xFE,0x00,0x00,0x01,0xFE,0x00,0x00,0x01,0xFE,0x00,
             -0x00,0x01,0xFE,0x00,0x00,0x01,0xFE,0x00,0x00,0x01,0xFE,0x00,0x00,0x01,0xFE,0x00,0x00,0x01,0xFE,
  53           0x00,0x00,0x01,0xFE,0x00,0x00,0x00,0xFE,0x00,0x00,0x00,0x7E,0x00,0x00,0x00,0x1E,0x00,0x00,0x00,0x0E,0x00,
             -0x00,0x00,0x00,0x00,0x00,0x00,0x00,0x00,0x00,0x00,0x00,0x00,0x00,0x00,0x00,0x00,0x00,0x00,0x00,0x00,0x00,0x00,0x00,0x00,
             -0x00,0x00,0x00,0x00,0x00,0x00,0x00,0x00,0x00,0x00,0x00,0x00,0x00,0x00,0x00,0x00,0x00,0x00,0x00},/*"7",9*/
  54          
  55          {0x00,0x00,0x00,0x00,0x00,0x00,0x00,0x00,0x00,0x00,0x00,0x00,0x00,0x00,0x00,0x00,0x00,0x00,0x00,0x00,0x00,
             -0x00,0x00,0x00,0x00,0x00,0x00,0x00,0x00,0x00,0x00,0x00,0x00,0x00,0x00,0x00,0x00,0x00,0x00,0x00,0x00,0x00,0x00,0x00,0x00,
             -0x00,0x00,0x00,0x00,0x00,0x00,0x00,0x00,0x00,0x00,0x00,0x00,0x00,0x00,0x00,0x00,0x7F,0xFF,0xF0,
  56           0x00,0xFF,0xFF,0xFC,0x00,0xFF,0xFF,0xFC,0x00,0xFF,0xFF,0xFC,0x0F,0xFF,0xFF,0xFF,0x1F,0xE0,0x00,0x1F,0x1F,
             -0xE0,0x00,0x1F,0x1F,0xE0,0x00,0x1F,0x1F,0xE0,0x00,0x1F,0x1F,0xE0,0x00,0x1F,0x1F,0xE0,0x00,0x1F,0x1F,0xE0,0x00,0x1F,0x1F,
             -0xE0,0x00,0x1F,0x1F,0xE0,0x00,0x1F,0x1F,0xE0,0x00,0x1F,0x1F,0xE0,0x00,0x1F,0x1F,0xFF,0xFF,0xFF,
  57           0x1F,0xFF,0xFF,0xFF,0x1F,0xFF,0xFF,0xFF,0x1F,0xFF,0xFF,0xFF,0x1F,0xFF,0xFF,0xFF,0x1F,0xFF,0xFF,0xFF,0x1F,
             -0xE0,0x00,0x1F,0x1F,0xE0,0x00,0x1F,0x1F,0xE0,0x00,0x1F,0x1F,0xE0,0x00,0x1F,0x1F,0xE0,0x00,0x1F,0x1F,0xE0,0x00,0x1F,0x1F,
             -0xE0,0x00,0x1F,0x1F,0xE0,0x00,0x1F,0x1F,0xE0,0x00,0x1F,0x1F,0xE0,0x00,0x1F,0x1F,0xE0,0x00,0x1F,
  58           0x0F,0xFF,0xFF,0xFF,0x07,0xFF,0xFF,0xFF,0x00,0xFF,0xFF,0xFC,0x00,0xFF,0xFF,0xFC,0x00,0x7F,0xFF,0xF0,0x00,
             -0x00,0x00,0x00,0x00,0x00,0x00,0x00,0x00,0x00,0x00,0x00,0x00,0x00,0x00,0x00,0x00,0x00,0x00,0x00,0x00,0x00,0x00,0x00,0x00,
             -0x00,0x00,0x00,0x00,0x00,0x00,0x00,0x00,0x00,0x00,0x00,0x00,0x00,0x00,0x00,0x00,0x00,0x00,0x00},/*"8",10*/
  59          
  60          {0x00,0x00,0x00,0x00,0x00,0x00,0x00,0x00,0x00,0x00,0x00,0x00,0x00,0x00,0x00,0x00,0x00,0x00,0x00,0x00,0x00,
             -0x00,0x00,0x00,0x00,0x00,0x00,0x00,0x00,0x00,0x00,0x00,0x00,0x00,0x00,0x00,0x00,0x00,0x00,0x00,0x00,0x00,0x00,0x00,0x00,
             -0x00,0x00,0x00,0x00,0x00,0x00,0x00,0x00,0x00,0x00,0x00,0x00,0x00,0x00,0x00,0x00,0x7F,0xFF,0xF0,
  61           0x00,0xFF,0xFF,0xFC,0x00,0xFF,0xFF,0xFC,0x00,0xFF,0xFF,0xFC,0x0F,0xFF,0xFF,0xFF,0x1F,0xE0,0x00,0x1F,0x1F,
             -0xE0,0x00,0x1F,0x1F,0xE0,0x00,0x1F,0x1F,0xE0,0x00,0x1F,0x1F,0xE0,0x00,0x1F,0x1F,0xE0,0x00,0x1F,0x1F,0xE0,0x00,0x1F,0x1F,
             -0xE0,0x00,0x1F,0x1F,0xE0,0x00,0x1F,0x1F,0xE0,0x00,0x1F,0x1F,0xE0,0x00,0x1F,0x1F,0xFF,0xFF,0xFF,
  62           0x1F,0xFF,0xFF,0xFF,0x1F,0xFF,0xFF,0xFF,0x07,0xFF,0xFF,0xFF,0x00,0xFF,0xFF,0xFF,0x00,0x00,0x3F,0xFF,0x00,
             -0x00,0x00,0x1F,0x00,0x00,0x00,0x1F,0x00,0x00,0x00,0x1F,0x00,0x00,0x00,0x1F,0x00,0x00,0x00,0x1F,0x00,0x00,0x00,0x1F,0x00,
             -0x00,0x00,0x1F,0x00,0x00,0x00,0x1F,0x00,0x00,0x00,0x1F,0x00,0x00,0x00,0x1F,0x00,0x00,0x00,0x1F,
  63           0x00,0x7F,0xFF,0xFF,0x00,0xFF,0xFF,0xFF,0x01,0xFF,0xFF,0xFC,0x07,0xFF,0xFF,0xFC,0x07,0xFF,0xFF,0xF0,0x00,
             -0x00,0x00,0x00,0x00,0x00,0x00,0x00,0x00,0x00,0x00,0x00,0x00,0x00,0x00,0x00,0x00,0x00,0x00,0x00,0x00,0x00,0x00,0x00,0x00,
             -0x00,0x00,0x00,0x00,0x00,0x00,0x00,0x00,0x00,0x00,0x00,0x00,0x00,0x00,0x00,0x00,0x00,0x00,0x00},/*"9",11*/
  64          
  65          {0x00,0x00,0x00,0x00,0x00,0x00,0x00,0x00,0x00,0x00,0x00,0x00,0x00,0x00,0x00,0x00,0x00,0x00,0x00,0x00,0x00,
             -0x00,0x00,0x00,0x00,0x00,0x00,0x00,0x00,0x00,0x00,0x00,0x00,0x00,0x00,0x00,0x00,0x00,0x00,0x00,0x00,0x00,0x00,0x00,0x00,
             -0x00,0x00,0x00,0x00,0x00,0x00,0x00,0x00,0x00,0x00,0x00,0x00,0x00,0x00,0x00,0x00,0x00,0x00,0x00,
  66           0x00,0x00,0x00,0x00,0x00,0x00,0x00,0x00,0x00,0x00,0x00,0x00,0x00,0x00,0x00,0x00,0x00,0x00,0x00,0x00,0x00,
             -0x00,0x00,0x00,0x00,0x00,0x00,0x00,0x00,0x00,0x00,0x00,0x00,0x00,0x00,0x00,0x00,0x00,0x00,0x00,0x00,0x00,0x00,0x00,0x00,
             -0x00,0x00,0x00,0x00,0x00,0x00,0x00,0x00,0x00,0x00,0x00,0x00,0x00,0x00,0x00,0x00,0x00,0x00,0x00,
  67           0x00,0x00,0x00,0x00,0x00,0x00,0x00,0x00,0x00,0x00,0x00,0x00,0x00,0x00,0x00,0x00,0x00,0x00,0x00,0x00,0x00,
             -0x00,0x00,0x00,0x00,0x00,0x00,0x00,0x00,0x00,0x00,0x00,0x00,0x00,0x00,0x00,0x00,0x00,0x00,0x00,0x00,0x00,0x00,0x00,0x00,
             -0x00,0x00,0x00,0x00,0x00,0x00,0x00,0x00,0x00,0x00,0x00,0x00,0x00,0x00,0x00,0x00,0x00,0x00,0x00,
  68           0x00,0x00,0x00,0x00,0x00,0x00,0x00,0x00,0x00,0x00,0x00,0x00,0x00,0x00,0x00,0x00,0x00,0x00,0x00,0x00,0x00,
             -0x00,0x00,0x00,0x00,0x00,0x00,0x00,0x00,0x00,0x00,0x00,0x00,0x00,0x00,0x00,0x00,0x00,0x00,0x00,0x00,0x00,0x00,0x00,0x00,
             -0x00,0x00,0x00,0x00,0x00,0x00,0x00,0x00,0x00,0x00,0x00,0x00,0x00,0x00,0x00,0x00,0x00,0x00,0x00},/*" ",12*/
  69          
  70          };
  71          
  72          code uint8_t zf[]={" !\"#$%&\'()*+,-./0123456789:;<=>?@ABCDEFGHIJKLMNOPQRSTUVWXYZ[\\]^_`abcdefghijklmnopqr
             -stuvwxyz{|}~"};
  73          code uint8_t zf_8_16[][16] = {
C51 COMPILER V9.60.0.0   FONT                                                              12/14/2021 10:58:49 PAGE 4   

  74          {0x00,0x00,0x00,0x00,0x00,0x00,0x00,0x00,0x00,0x00,0x00,0x00,0x00,0x00,0x00,0x00},/*" ",0*/
  75          {0x00,0x00,0x00,0x10,0x10,0x10,0x10,0x10,0x10,0x10,0x00,0x00,0x10,0x10,0x00,0x00},/*"!",1*/
  76          {0x00,0x12,0x24,0x24,0x48,0x00,0x00,0x00,0x00,0x00,0x00,0x00,0x00,0x00,0x00,0x00},/*""",2*/
  77          {0x00,0x00,0x00,0x12,0x12,0x12,0x7E,0x24,0x24,0x24,0x7E,0x24,0x24,0x24,0x00,0x00},/*"#",3*/
  78          {0x00,0x00,0x08,0x3C,0x4A,0x4A,0x48,0x38,0x0C,0x0A,0x0A,0x4A,0x4A,0x3C,0x08,0x08},/*"$",4*/
  79          {0x00,0x00,0x00,0x44,0xA4,0xA8,0xA8,0xB0,0x54,0x1A,0x2A,0x2A,0x4A,0x44,0x00,0x00},/*"%",5*/
  80          {0x00,0x00,0x00,0x30,0x48,0x48,0x48,0x50,0x6E,0xA4,0x94,0x98,0x89,0x76,0x00,0x00},/*"&",6*/
  81          {0x00,0x60,0x20,0x20,0x40,0x00,0x00,0x00,0x00,0x00,0x00,0x00,0x00,0x00,0x00,0x00},/*"'",7*/
  82          {0x00,0x02,0x04,0x08,0x08,0x10,0x10,0x10,0x10,0x10,0x10,0x08,0x08,0x04,0x02,0x00},/*"(",8*/
  83          {0x00,0x40,0x20,0x10,0x10,0x08,0x08,0x08,0x08,0x08,0x08,0x10,0x10,0x20,0x40,0x00},/*")",9*/
  84          {0x00,0x00,0x00,0x00,0x10,0x10,0xD6,0x38,0x38,0xD6,0x10,0x10,0x00,0x00,0x00,0x00},/*"*",10*/
  85          {0x00,0x00,0x00,0x00,0x00,0x08,0x08,0x08,0x7F,0x08,0x08,0x08,0x00,0x00,0x00,0x00},/*"+",11*/
  86          {0x00,0x00,0x00,0x00,0x00,0x00,0x00,0x00,0x00,0x00,0x00,0x00,0x60,0x20,0x20,0x40},/*",",12*/
  87          {0x00,0x00,0x00,0x00,0x00,0x00,0x00,0x00,0x7E,0x00,0x00,0x00,0x00,0x00,0x00,0x00},/*"-",13*/
  88          {0x00,0x00,0x00,0x00,0x00,0x00,0x00,0x00,0x00,0x00,0x00,0x00,0x60,0x60,0x00,0x00},/*".",14*/
  89          {0x00,0x00,0x02,0x04,0x04,0x04,0x08,0x08,0x10,0x10,0x10,0x20,0x20,0x40,0x40,0x00},/*"/",15*/
  90          {0x00,0x00,0x00,0x18,0x24,0x42,0x42,0x42,0x42,0x42,0x42,0x42,0x24,0x18,0x00,0x00},/*"0",16*/
  91          {0x00,0x00,0x00,0x08,0x38,0x08,0x08,0x08,0x08,0x08,0x08,0x08,0x08,0x3E,0x00,0x00},/*"1",17*/
  92          {0x00,0x00,0x00,0x3C,0x42,0x42,0x42,0x02,0x04,0x08,0x10,0x20,0x42,0x7E,0x00,0x00},/*"2",18*/
  93          {0x00,0x00,0x00,0x3C,0x42,0x42,0x02,0x04,0x18,0x04,0x02,0x42,0x42,0x3C,0x00,0x00},/*"3",19*/
  94          {0x00,0x00,0x00,0x04,0x0C,0x0C,0x14,0x24,0x24,0x44,0x7F,0x04,0x04,0x1F,0x00,0x00},/*"4",20*/
  95          {0x00,0x00,0x00,0x7E,0x40,0x40,0x40,0x78,0x44,0x02,0x02,0x42,0x44,0x38,0x00,0x00},/*"5",21*/
  96          {0x00,0x00,0x00,0x18,0x24,0x40,0x40,0x5C,0x62,0x42,0x42,0x42,0x22,0x1C,0x00,0x00},/*"6",22*/
  97          {0x00,0x00,0x00,0x7E,0x42,0x04,0x04,0x08,0x08,0x10,0x10,0x10,0x10,0x10,0x00,0x00},/*"7",23*/
  98          {0x00,0x00,0x00,0x3C,0x42,0x42,0x42,0x24,0x18,0x24,0x42,0x42,0x42,0x3C,0x00,0x00},/*"8",24*/
  99          {0x00,0x00,0x00,0x38,0x44,0x42,0x42,0x42,0x46,0x3A,0x02,0x02,0x24,0x18,0x00,0x00},/*"9",25*/
 100          {0x00,0x00,0x00,0x00,0x00,0x00,0x18,0x18,0x00,0x00,0x00,0x00,0x18,0x18,0x00,0x00},/*":",26*/
 101          {0x00,0x00,0x00,0x00,0x00,0x00,0x00,0x10,0x00,0x00,0x00,0x00,0x00,0x10,0x10,0x10},/*";",27*/
 102          {0x00,0x00,0x00,0x02,0x04,0x08,0x10,0x20,0x40,0x20,0x10,0x08,0x04,0x02,0x00,0x00},/*"<",28*/
 103          {0x00,0x00,0x00,0x00,0x00,0x00,0x7E,0x00,0x00,0x7E,0x00,0x00,0x00,0x00,0x00,0x00},/*"=",29*/
 104          {0x00,0x00,0x00,0x40,0x20,0x10,0x08,0x04,0x02,0x04,0x08,0x10,0x20,0x40,0x00,0x00},/*">",30*/
 105          {0x00,0x00,0x00,0x3C,0x42,0x42,0x62,0x04,0x08,0x08,0x08,0x00,0x18,0x18,0x00,0x00},/*"?",31*/
 106          {0x00,0x00,0x00,0x38,0x44,0x5A,0xAA,0xAA,0xAA,0xAA,0xAA,0x5C,0x42,0x3C,0x00,0x00},/*"@",32*/
 107          {0x00,0x00,0x00,0x10,0x10,0x18,0x28,0x28,0x24,0x3C,0x44,0x42,0x42,0xE7,0x00,0x00},/*"A",33*/
 108          {0x00,0x00,0x00,0xF8,0x44,0x44,0x44,0x78,0x44,0x42,0x42,0x42,0x44,0xF8,0x00,0x00},/*"B",34*/
 109          {0x00,0x00,0x00,0x3E,0x42,0x42,0x80,0x80,0x80,0x80,0x80,0x42,0x44,0x38,0x00,0x00},/*"C",35*/
 110          {0x00,0x00,0x00,0xF8,0x44,0x42,0x42,0x42,0x42,0x42,0x42,0x42,0x44,0xF8,0x00,0x00},/*"D",36*/
 111          {0x00,0x00,0x00,0xFC,0x42,0x48,0x48,0x78,0x48,0x48,0x40,0x42,0x42,0xFC,0x00,0x00},/*"E",37*/
 112          {0x00,0x00,0x00,0xFC,0x42,0x48,0x48,0x78,0x48,0x48,0x40,0x40,0x40,0xE0,0x00,0x00},/*"F",38*/
 113          {0x00,0x00,0x00,0x3C,0x44,0x44,0x80,0x80,0x80,0x8E,0x84,0x44,0x44,0x38,0x00,0x00},/*"G",39*/
 114          {0x00,0x00,0x00,0xE7,0x42,0x42,0x42,0x42,0x7E,0x42,0x42,0x42,0x42,0xE7,0x00,0x00},/*"H",40*/
 115          {0x00,0x00,0x00,0x7C,0x10,0x10,0x10,0x10,0x10,0x10,0x10,0x10,0x10,0x7C,0x00,0x00},/*"I",41*/
 116          {0x00,0x00,0x00,0x3E,0x08,0x08,0x08,0x08,0x08,0x08,0x08,0x08,0x08,0x08,0x88,0xF0},/*"J",42*/
 117          {0x00,0x00,0x00,0xEE,0x44,0x48,0x50,0x70,0x50,0x48,0x48,0x44,0x44,0xEE,0x00,0x00},/*"K",43*/
 118          {0x00,0x00,0x00,0xE0,0x40,0x40,0x40,0x40,0x40,0x40,0x40,0x40,0x42,0xFE,0x00,0x00},/*"L",44*/
 119          {0x00,0x00,0x00,0xEE,0x6C,0x6C,0x6C,0x6C,0x6C,0x54,0x54,0x54,0x54,0xD6,0x00,0x00},/*"M",45*/
 120          {0x00,0x00,0x00,0xC7,0x62,0x62,0x52,0x52,0x4A,0x4A,0x4A,0x46,0x46,0xE2,0x00,0x00},/*"N",46*/
 121          {0x00,0x00,0x00,0x38,0x44,0x82,0x82,0x82,0x82,0x82,0x82,0x82,0x44,0x38,0x00,0x00},/*"O",47*/
 122          {0x00,0x00,0x00,0xFC,0x42,0x42,0x42,0x42,0x7C,0x40,0x40,0x40,0x40,0xE0,0x00,0x00},/*"P",48*/
 123          {0x00,0x00,0x00,0x38,0x44,0x82,0x82,0x82,0x82,0x82,0x82,0xB2,0x4C,0x38,0x06,0x00},/*"Q",49*/
 124          {0x00,0x00,0x00,0xFC,0x42,0x42,0x42,0x7C,0x48,0x48,0x44,0x44,0x42,0xE3,0x00,0x00},/*"R",50*/
 125          {0x00,0x00,0x00,0x3E,0x42,0x42,0x40,0x20,0x18,0x04,0x02,0x42,0x42,0x7C,0x00,0x00},/*"S",51*/
 126          {0x00,0x00,0x00,0xFE,0x92,0x10,0x10,0x10,0x10,0x10,0x10,0x10,0x10,0x38,0x00,0x00},/*"T",52*/
 127          {0x00,0x00,0x00,0xE7,0x42,0x42,0x42,0x42,0x42,0x42,0x42,0x42,0x42,0x3C,0x00,0x00},/*"U",53*/
 128          {0x00,0x00,0x00,0xE7,0x42,0x42,0x44,0x24,0x24,0x28,0x28,0x18,0x10,0x10,0x00,0x00},/*"V",54*/
 129          {0x00,0x00,0x00,0xD6,0x54,0x54,0x54,0x54,0x54,0x6C,0x28,0x28,0x28,0x28,0x00,0x00},/*"W",55*/
 130          {0x00,0x00,0x00,0xE7,0x42,0x24,0x24,0x18,0x18,0x18,0x24,0x24,0x42,0xE7,0x00,0x00},/*"X",56*/
 131          {0x00,0x00,0x00,0xEE,0x44,0x44,0x28,0x28,0x10,0x10,0x10,0x10,0x10,0x38,0x00,0x00},/*"Y",57*/
 132          {0x00,0x00,0x00,0x7E,0x84,0x04,0x08,0x08,0x10,0x20,0x20,0x42,0x42,0xFC,0x00,0x00},/*"Z",58*/
 133          {0x00,0x1E,0x10,0x10,0x10,0x10,0x10,0x10,0x10,0x10,0x10,0x10,0x10,0x10,0x1E,0x00},/*"[",59*/
 134          {0x00,0x00,0x40,0x20,0x20,0x20,0x10,0x10,0x10,0x08,0x08,0x04,0x04,0x04,0x02,0x02},/*"\",60*/
 135          {0x00,0x78,0x08,0x08,0x08,0x08,0x08,0x08,0x08,0x08,0x08,0x08,0x08,0x08,0x78,0x00},/*"]",61*/
C51 COMPILER V9.60.0.0   FONT                                                              12/14/2021 10:58:49 PAGE 5   

 136          {0x00,0x18,0x24,0x00,0x00,0x00,0x00,0x00,0x00,0x00,0x00,0x00,0x00,0x00,0x00,0x00},/*"^",62*/
 137          {0x00,0x00,0x00,0x00,0x00,0x00,0x00,0x00,0x00,0x00,0x00,0x00,0x00,0x00,0x00,0xFF},/*"_",63*/
 138          {0x00,0x60,0x10,0x00,0x00,0x00,0x00,0x00,0x00,0x00,0x00,0x00,0x00,0x00,0x00,0x00},/*"`",64*/
 139          {0x00,0x00,0x00,0x00,0x00,0x00,0x00,0x38,0x44,0x0C,0x34,0x44,0x4C,0x36,0x00,0x00},/*"a",65*/
 140          {0x00,0x00,0x00,0x00,0xC0,0x40,0x40,0x58,0x64,0x42,0x42,0x42,0x64,0x58,0x00,0x00},/*"b",66*/
 141          {0x00,0x00,0x00,0x00,0x00,0x00,0x00,0x1C,0x22,0x40,0x40,0x40,0x22,0x1C,0x00,0x00},/*"c",67*/
 142          {0x00,0x00,0x00,0x00,0x06,0x02,0x02,0x3E,0x42,0x42,0x42,0x42,0x46,0x3B,0x00,0x00},/*"d",68*/
 143          {0x00,0x00,0x00,0x00,0x00,0x00,0x00,0x3C,0x42,0x42,0x7E,0x40,0x42,0x3C,0x00,0x00},/*"e",69*/
 144          {0x00,0x00,0x00,0x00,0x0C,0x12,0x10,0x7C,0x10,0x10,0x10,0x10,0x10,0x7C,0x00,0x00},/*"f",70*/
 145          {0x00,0x00,0x00,0x00,0x00,0x00,0x00,0x3E,0x44,0x44,0x38,0x40,0x3C,0x42,0x42,0x3C},/*"g",71*/
 146          {0x00,0x00,0x00,0x00,0xC0,0x40,0x40,0x5C,0x62,0x42,0x42,0x42,0x42,0xE7,0x00,0x00},/*"h",72*/
 147          {0x00,0x00,0x00,0x30,0x30,0x00,0x00,0x70,0x10,0x10,0x10,0x10,0x10,0x7C,0x00,0x00},/*"i",73*/
 148          {0x00,0x00,0x00,0x0C,0x0C,0x00,0x00,0x1C,0x04,0x04,0x04,0x04,0x04,0x04,0x44,0x78},/*"j",74*/
 149          {0x00,0x00,0x00,0x00,0xC0,0x40,0x40,0x4E,0x48,0x50,0x70,0x48,0x44,0xEE,0x00,0x00},/*"k",75*/
 150          {0x00,0x00,0x00,0x10,0x70,0x10,0x10,0x10,0x10,0x10,0x10,0x10,0x10,0x7C,0x00,0x00},/*"l",76*/
 151          {0x00,0x00,0x00,0x00,0x00,0x00,0x00,0xFE,0x49,0x49,0x49,0x49,0x49,0xED,0x00,0x00},/*"m",77*/
 152          {0x00,0x00,0x00,0x00,0x00,0x00,0x00,0xDC,0x62,0x42,0x42,0x42,0x42,0xE7,0x00,0x00},/*"n",78*/
 153          {0x00,0x00,0x00,0x00,0x00,0x00,0x00,0x3C,0x42,0x42,0x42,0x42,0x42,0x3C,0x00,0x00},/*"o",79*/
 154          {0x00,0x00,0x00,0x00,0x00,0x00,0x00,0xD8,0x64,0x42,0x42,0x42,0x64,0x58,0x40,0xE0},/*"p",80*/
 155          {0x00,0x00,0x00,0x00,0x00,0x00,0x00,0x1A,0x26,0x42,0x42,0x42,0x26,0x1A,0x02,0x07},/*"q",81*/
 156          {0x00,0x00,0x00,0x00,0x00,0x00,0x00,0xEE,0x32,0x20,0x20,0x20,0x20,0xF8,0x00,0x00},/*"r",82*/
 157          {0x00,0x00,0x00,0x00,0x00,0x00,0x00,0x3E,0x42,0x40,0x3C,0x02,0x42,0x7C,0x00,0x00},/*"s",83*/
 158          {0x00,0x00,0x00,0x00,0x00,0x10,0x10,0x7C,0x10,0x10,0x10,0x10,0x12,0x0C,0x00,0x00},/*"t",84*/
 159          {0x00,0x00,0x00,0x00,0x00,0x00,0x00,0xC6,0x42,0x42,0x42,0x42,0x46,0x3B,0x00,0x00},/*"u",85*/
 160          {0x00,0x00,0x00,0x00,0x00,0x00,0x00,0xEE,0x44,0x44,0x28,0x28,0x10,0x10,0x00,0x00},/*"v",86*/
 161          {0x00,0x00,0x00,0x00,0x00,0x00,0x00,0xDB,0x89,0x4A,0x5A,0x54,0x24,0x24,0x00,0x00},/*"w",87*/
 162          {0x00,0x00,0x00,0x00,0x00,0x00,0x00,0x76,0x24,0x18,0x18,0x18,0x24,0x6E,0x00,0x00},/*"x",88*/
 163          {0x00,0x00,0x00,0x00,0x00,0x00,0x00,0xE7,0x42,0x24,0x24,0x18,0x18,0x10,0x10,0x60},/*"y",89*/
 164          {0x00,0x00,0x00,0x00,0x00,0x00,0x00,0x7E,0x44,0x08,0x10,0x10,0x22,0x7E,0x00,0x00},/*"z",90*/
 165          {0x00,0x03,0x04,0x04,0x04,0x04,0x04,0x04,0x08,0x04,0x04,0x04,0x04,0x04,0x03,0x00},/*"{",91*/
 166          {0x08,0x08,0x08,0x08,0x08,0x08,0x08,0x08,0x08,0x08,0x08,0x08,0x08,0x08,0x08,0x08},/*"|",92*/
 167          {0x00,0xC0,0x20,0x20,0x20,0x20,0x20,0x20,0x10,0x20,0x20,0x20,0x20,0x20,0xC0,0x00},/*"}",93*/
 168          {0x20,0x5A,0x04,0x00,0x00,0x00,0x00,0x00,0x00,0x00,0x00,0x00,0x00,0x00,0x00,0x00},/*"~",94*/
 169          
 170          };
 171          
 172          
 173          
 174          
 175          
 176          
 177          
 178          
 179          
 180          


MODULE INFORMATION:   STATIC OVERLAYABLE
   CODE SIZE        =   ----    ----
   CONSTANT SIZE    =   4958    ----
   XDATA SIZE       =   ----    ----
   PDATA SIZE       =   ----    ----
   DATA SIZE        =   ----    ----
   IDATA SIZE       =   ----    ----
   BIT SIZE         =   ----    ----
END OF MODULE INFORMATION.


C51 COMPILATION COMPLETE.  0 WARNING(S),  0 ERROR(S)
