C51 COMPILER V9.60.0.0   LOGO                                                              12/14/2021 10:58:50 PAGE 1   


C51 COMPILER V9.60.0.0, COMPILATION OF MODULE LOGO
OBJECT MODULE PLACED IN .\Objects\logo.obj
COMPILER INVOKED BY: D:\Keil_v5\C51\BIN\C51.EXE api\logo.c OPTIMIZE(8,SPEED) BROWSE INCDIR(.\api;.\stc8_lib) DEBUG OBJEC
                    -TEXTEND PRINT(.\Listings\logo.lst) TABS(2) OBJECT(.\Objects\logo.obj)

line level    source

   1          code unsigned char gImage_logo[6264] = { /* 0X10,0X10,0X00,0X57,0X00,0X24,0X01,0X1B, */
   2          0XFF,0XFF,0XFF,0XFF,0XFF,0XFF,0XFF,0XFF,0XFF,0XFF,0XFF,0XFF,0XFF,0XFF,0XFF,0XFF,
   3          0XFF,0XFF,0XFF,0XFF,0XFF,0XFF,0XFF,0XFF,0XFF,0XFF,0XFF,0XFF,0XFF,0XFF,0XFF,0XFF,
   4          0XFF,0XFF,0XFF,0XFF,0XFF,0XFF,0XFF,0XFF,0XFF,0XFF,0XFF,0XFF,0XFF,0XFF,0XFF,0XFF,
   5          0XFF,0XFF,0XFF,0XFF,0XFF,0XFF,0XFF,0XFF,0XFF,0XFF,0XFF,0XFF,0XFF,0XFF,0XFF,0XFF,
   6          0XFF,0XFF,0XFF,0XFF,0XFF,0XFF,0XFF,0XFF,0XFF,0XFF,0XFF,0XFF,0XFF,0XFF,0XFF,0XFF,
   7          0XFF,0XFF,0XFF,0XFF,0XFF,0XFF,0XFF,0XFF,0XFF,0XFF,0XFF,0XFF,0XFF,0XFF,0XFF,0XFF,
   8          0XFF,0XFF,0XFF,0XFF,0XFF,0XFF,0XFF,0XFF,0XFF,0XFF,0XFF,0XFF,0XFF,0XFF,0XFF,0XFF,
   9          0XFF,0XFF,0XFF,0XFF,0XFF,0XFF,0XFF,0XFF,0XFF,0XFF,0XFF,0XFF,0XFF,0XFF,0XFF,0XFF,
  10          0XFF,0XFF,0XFF,0XFF,0XFF,0XFF,0XFF,0XFF,0XFF,0XFF,0XFF,0XFF,0XFF,0XFF,0XFF,0XFF,
  11          0XFF,0XFF,0XFF,0XFF,0XFF,0XFF,0XFF,0XFF,0XFF,0XFF,0XFF,0XFF,0XFF,0XFF,0XFF,0XFF,
  12          0XFF,0XFF,0XFF,0XFF,0XFF,0XFF,0XFF,0XFF,0XFF,0XFF,0XFF,0XFF,0XFF,0XFF,0XFF,0XFF,
  13          0XFF,0XFF,0XFF,0XFF,0XFF,0XFF,0XFF,0XFF,0XFF,0XFF,0XFF,0XFF,0XFF,0XFF,0XFF,0XFF,
  14          0XFF,0XFF,0XFF,0XFF,0XFF,0XFF,0XFF,0XFF,0XFF,0XFF,0XFF,0XFF,0XFF,0XFF,0XFF,0XFF,
  15          0XFF,0XFF,0XFF,0XFF,0XFF,0XFF,0XFF,0XFF,0XFF,0XFF,0XFF,0XFF,0XFF,0XFF,0XFF,0XFF,
  16          0XFF,0XFF,0XFF,0XFF,0XFF,0XFF,0XFF,0XFF,0XFF,0XFF,0XFF,0XFF,0XFF,0XFF,0XFF,0XFF,
  17          0XFF,0XFF,0XFF,0XFF,0XFF,0XFF,0XFF,0XFF,0XFF,0XFF,0XFF,0XFF,0XFF,0XFF,0XFF,0XFF,
  18          0XFF,0XFF,0XFF,0XFF,0XFF,0XFF,0XFF,0XFF,0XFF,0XFF,0XFF,0XFF,0XFF,0XFF,0XFF,0XFF,
  19          0XFF,0XFF,0XFF,0XFF,0XFF,0XFF,0XFF,0XFF,0XFF,0XFF,0XFF,0XFF,0XFF,0XFF,0XFF,0XFF,
  20          0XFF,0XFF,0XFF,0XFF,0XFF,0XFF,0XFF,0XFF,0XFF,0XFF,0XFF,0XFF,0XFF,0XFF,0XFF,0XFF,
  21          0XFF,0XFF,0XFF,0XFF,0XFF,0XFF,0XFF,0XFF,0XFF,0XFF,0XFF,0XFF,0XFF,0XFF,0XFF,0XFF,
  22          0XFF,0XFF,0XFF,0XFF,0XFF,0XFF,0XFF,0XFF,0XFF,0XFF,0XFF,0XFF,0XFF,0XFF,0XFF,0XFF,
  23          0XFF,0XFF,0XFF,0XFF,0XFF,0XFF,0XFF,0XFF,0XFF,0XFF,0XFF,0XFF,0XFF,0XFF,0XFF,0XFF,
  24          0XFF,0XFF,0XFF,0XFF,0XFF,0XFF,0XFF,0XFF,0XFF,0XFF,0XFF,0XFF,0XFF,0XFF,0XFF,0XFF,
  25          0XFF,0XFF,0XFF,0XFF,0XFF,0XFF,0XFF,0XFF,0XFF,0XFF,0XFF,0XFF,0XEF,0XFF,0X4C,0X78,
  26          0XE7,0XFF,0XFF,0XFF,0XFF,0XFF,0XFF,0XFF,0XFF,0XFF,0XFF,0XFF,0XFF,0XFF,0XFF,0XFF,
  27          0XFF,0XFF,0XFF,0XFF,0XFF,0XFF,0XFF,0XFF,0XFF,0XFF,0XFF,0XFF,0XFF,0XFF,0XFF,0XFF,
  28          0XFF,0XFF,0XFF,0XFF,0XFF,0XFF,0XFF,0XFF,0XFF,0XFF,0XFF,0XFF,0XFF,0XFF,0XFF,0XFF,
  29          0XFF,0XFF,0XFF,0XFF,0XFF,0XFF,0XFF,0XFF,0XFF,0XFF,0XFF,0XFF,0XFF,0XFF,0XFF,0XFF,
  30          0XFF,0XFF,0XFF,0XFF,0XFF,0XFF,0XFF,0XFF,0XFF,0XFF,0XFF,0XFF,0XFF,0XFF,0XFF,0XFF,
  31          0XFF,0XFF,0XFF,0XFF,0XFF,0XFF,0XFF,0XFF,0XFF,0XFF,0XFF,0XFF,0XFF,0XFF,0XFF,0XFF,
  32          0XFF,0XFF,0XFF,0XFF,0XFF,0XFF,0XFF,0XFF,0XFF,0XFF,0XFF,0XFF,0XFF,0XFF,0XFF,0XFF,
  33          0XFF,0XFF,0XFF,0XFF,0XFF,0XFF,0XFF,0XFF,0XFF,0XFF,0XFF,0XFF,0XFF,0XFF,0XFF,0XFF,
  34          0XFF,0XFF,0XFF,0XFF,0XFF,0XFF,0XFF,0XFF,0XFF,0XFF,0XFF,0XFF,0XFF,0XFF,0XFF,0XFF,
  35          0XFF,0XFF,0XFF,0XFF,0XFF,0XFF,0XFF,0XFF,0XFF,0XFF,0XFF,0XFF,0XFF,0XFF,0XFF,0XFF,
  36          0XFF,0XFF,0XFF,0XFF,0XFF,0XFF,0XF7,0XFF,0X86,0X1D,0X04,0X1C,0X04,0X1D,0X04,0X1D,
  37          0X34,0X7A,0XF7,0XFF,0XFF,0XFF,0XFF,0XFF,0XFF,0XFF,0XFF,0XFF,0XFF,0XFF,0XFF,0XFF,
  38          0XFF,0XFF,0XFF,0XFF,0XFF,0XFF,0XFF,0XFF,0XFF,0XFF,0XFF,0XFF,0XFF,0XFF,0XFF,0XFF,
  39          0XFF,0XFF,0XFF,0XFF,0XFF,0XFF,0XFF,0XFF,0XFF,0XFF,0XFF,0XFF,0XFF,0XFF,0XFF,0XFF,
  40          0XFF,0XFF,0XFF,0XFF,0XFF,0XFF,0XFF,0XFF,0XFF,0XFF,0XFF,0XFF,0XFF,0XFF,0XFF,0XFF,
  41          0XFF,0XFF,0XFF,0XFF,0XFF,0XFF,0XFF,0XFF,0XFF,0XFF,0XFF,0XFF,0XFF,0XFF,0XFF,0XFF,
  42          0XFF,0XFF,0XFF,0XFF,0XFF,0XFF,0XFF,0XFF,0XFF,0XFF,0XFF,0XFF,0XFF,0XFF,0XFF,0XFF,
  43          0XFF,0XFF,0XFF,0XFF,0XFF,0XFF,0XFF,0XFF,0XFF,0XFF,0XFF,0XFF,0XFF,0XFF,0XFF,0XFF,
  44          0XFF,0XFF,0XFF,0XFF,0XFF,0XFF,0XFF,0XFF,0XFF,0XFF,0XFF,0XFF,0XFF,0XFF,0XFF,0XFF,
  45          0XFF,0XFF,0XFF,0XFF,0XFF,0XFF,0XFF,0XFF,0XFF,0XFF,0XFF,0XFF,0XFF,0XFF,0XFF,0XFF,
  46          0XFF,0XFF,0XFF,0XFF,0XFF,0XFF,0XFF,0XFF,0XFF,0XFF,0XFF,0XFF,0XFF,0XFF,0XFF,0XFF,
  47          0XFF,0XDF,0XD7,0XDF,0X13,0XFA,0X04,0X3C,0X04,0X1D,0X04,0X1D,0X04,0X1D,0X04,0X3D,
  48          0X03,0XFB,0X86,0X1C,0XFF,0XFF,0XFF,0XFF,0XFF,0XFF,0XFF,0XFF,0XFF,0XFF,0XFF,0XFF,
  49          0XFF,0XFF,0XFF,0XFF,0XFF,0XFF,0XFF,0XFF,0XFF,0XFF,0XFF,0XFF,0XFF,0XFF,0XFF,0XFF,
  50          0XFF,0XFF,0XFF,0XFF,0XFF,0XFF,0XFF,0XFF,0XFF,0XFF,0XFF,0XFF,0XFF,0XFF,0XFF,0XFF,
  51          0XFF,0XFF,0XFF,0XFF,0XFF,0XFF,0XFF,0XFF,0XFF,0XFF,0XFF,0XFF,0XFF,0XFF,0XFF,0XFF,
  52          0XFF,0XFF,0XFF,0XFF,0XFF,0XFF,0XFF,0XFF,0XFF,0XFF,0XFF,0XFF,0XFF,0XFF,0XFF,0XFF,
  53          0XFF,0XFF,0XFF,0XFF,0XFF,0XFF,0XFF,0XFF,0XFF,0XFF,0XFF,0XFF,0XFF,0XFF,0XFF,0XFF,
  54          0XFF,0XFF,0XFF,0XFF,0XFF,0XFF,0XFF,0XFF,0XFF,0XFF,0XFF,0XFF,0XFF,0XFF,0XFF,0XFF,
C51 COMPILER V9.60.0.0   LOGO                                                              12/14/2021 10:58:50 PAGE 2   

  55          0XFF,0XFF,0XFF,0XFF,0XFF,0XFF,0XFF,0XFF,0XFF,0XFF,0XFF,0XFF,0XFF,0XFF,0XFF,0XFF,
  56          0XFF,0XFF,0XFF,0XFF,0XFF,0XFF,0XFF,0XFF,0XFF,0XFF,0XFF,0XFF,0XFF,0XFF,0XFF,0XFF,
  57          0XFF,0XFF,0XFF,0XFF,0XFF,0XFF,0XFF,0XFF,0XFF,0XFF,0XFF,0XFF,0XEF,0XFF,0X24,0X1A,
  58          0X04,0X3D,0X04,0X3D,0X04,0X3D,0X04,0X3C,0X04,0X3D,0X04,0X3D,0X04,0X3D,0X04,0X3D,
  59          0X04,0X1C,0X0B,0XFA,0XC7,0X9F,0XFF,0XFF,0XFF,0XFF,0XFF,0XFF,0XFF,0XFF,0XFF,0XFF,
  60          0XFF,0XFF,0XFF,0XFF,0XFF,0XFF,0XFF,0XFF,0XFF,0XFF,0XFF,0XFF,0XFF,0XFF,0XFF,0XFF,
  61          0XFF,0XFF,0XFF,0XFF,0XFF,0XFF,0XFF,0XFF,0XFF,0XFF,0XFF,0XFF,0XFF,0XFF,0XFF,0XFF,
  62          0XFF,0XFF,0XFF,0XFF,0XFF,0XFF,0XFF,0XFF,0XFF,0XFF,0XFF,0XFF,0XFF,0XFF,0XFF,0XFF,
  63          0XFF,0XFF,0XFF,0XFF,0XFF,0XFF,0XFF,0XFF,0XFF,0XFF,0XFF,0XFF,0XFF,0XFF,0XFF,0XFF,
  64          0XFF,0XFF,0XFF,0XFF,0XFF,0XFF,0XFF,0XFF,0XFF,0XFF,0XFF,0XFF,0XFF,0XFF,0XFF,0XFF,
  65          0XFF,0XFF,0XFF,0XFF,0XFF,0XFF,0XFF,0XFF,0XFF,0XFF,0XFF,0XFF,0XFF,0XFF,0XFF,0XFF,
  66          0XFF,0XFF,0XFF,0XFF,0XFF,0XFF,0XFF,0XFF,0XFF,0XFF,0XFF,0XFF,0XFF,0XFF,0XFF,0XFF,
  67          0XFF,0XFF,0XFF,0XFF,0XFF,0XFF,0XFF,0XFF,0XFF,0XFF,0XFF,0XFF,0XFF,0XFF,0XFF,0XFF,
  68          0XFF,0XFF,0XFF,0XFF,0XFF,0XFF,0XF7,0XFF,0X5D,0X1B,0X04,0X1C,0X04,0X3C,0X04,0X3C,
  69          0X04,0X3D,0X04,0X1C,0X04,0X3D,0X13,0XFA,0X0B,0XFB,0X04,0X1C,0X04,0X3D,0X04,0X3C,
  70          0X04,0X3D,0X04,0X3D,0X1B,0XD8,0XEF,0XFF,0XFF,0XFF,0XFF,0XFF,0XFF,0XFF,0XFF,0XFF,
  71          0XFF,0XFF,0XFF,0XFF,0XFF,0XFF,0XFF,0XFF,0XFF,0XFF,0XFF,0XFF,0XFF,0XFF,0XFF,0XFF,
  72          0XFF,0XFF,0XDF,0X7F,0XDF,0XBF,0XF7,0XFF,0XFF,0XFF,0XFF,0XFF,0XFF,0XFF,0XD7,0X9F,
  73          0X9E,0X9D,0XD7,0X3E,0XFF,0XFF,0XFF,0XFF,0XFF,0XFF,0XFF,0XFF,0XFF,0XFF,0XFF,0XFF,
  74          0XFF,0XFF,0XFF,0XFF,0XFF,0XFF,0XFF,0XFF,0XFF,0XFF,0XFF,0XFF,0XFF,0XFF,0XFF,0XFF,
  75          0XFF,0XFF,0XFF,0XFF,0XFF,0XFF,0XFF,0XFF,0XFF,0XFF,0XFF,0XFF,0XFF,0XFF,0XBE,0XBC,
  76          0XFF,0XFF,0XFF,0XFF,0XFF,0XFF,0XFF,0XFF,0XFF,0XFF,0XE7,0XBF,0XA6,0X9D,0XA6,0X7C,
  77          0XFF,0XFF,0XFF,0XFF,0XFF,0XFF,0XFF,0XFF,0XFF,0XFF,0XFF,0XFF,0XFF,0XFF,0XFF,0XFF,
  78          0XFF,0XFF,0XFF,0XFF,0XFF,0XFF,0XFF,0XFF,0XFF,0XFF,0XFF,0XFF,0XFF,0XFF,0XFF,0XFF,
  79          0XF7,0XDF,0XA6,0X9E,0X0C,0X1C,0X04,0X1C,0X04,0X1D,0X04,0X3D,0X03,0XFC,0X04,0X3D,
  80          0X0B,0XFB,0X96,0XBF,0XFF,0XFF,0XFF,0XFF,0X34,0X39,0X03,0XFC,0X04,0X1D,0X04,0X1D,
  81          0X04,0X3C,0X04,0X3D,0X04,0X3D,0X2B,0XF6,0XF7,0XFF,0XFF,0XFF,0XFF,0XFF,0XFF,0XFF,
  82          0XFF,0XFF,0XFF,0XFF,0XFF,0XFF,0XFF,0XFF,0XFF,0XFF,0XFF,0XFF,0XFF,0XFF,0XFF,0XFF,
  83          0X3C,0X59,0X04,0X3D,0X64,0XF9,0XFF,0XFF,0XFF,0XFF,0XFF,0XFF,0X2C,0X18,0X04,0X3C,
  84          0X0C,0X1B,0XFF,0XFF,0XFF,0XFF,0XFF,0XFF,0XFF,0XFF,0XFF,0XFF,0X0B,0XDA,0X04,0X3D,
  85          0X04,0X3C,0X04,0X1D,0X04,0X1C,0X04,0X1C,0X04,0X1C,0X04,0X1C,0X04,0X1D,0X04,0X1D,
  86          0X03,0XFC,0X13,0X99,0XFF,0XFF,0XFF,0XFF,0XFF,0XFF,0X13,0XB8,0X04,0X1C,0XE7,0XDF,
  87          0XFF,0XFF,0XFF,0XFF,0XFF,0XFF,0XFF,0XFF,0XBF,0X3E,0X04,0X1D,0X0B,0XD9,0XFF,0XFF,
  88          0XFF,0XFF,0XFF,0XFF,0XFF,0XFF,0XFF,0XFF,0XFF,0XFF,0XFF,0XFF,0XFF,0XFF,0XFF,0XFF,
  89          0XFF,0XFF,0XFF,0XFF,0XFF,0XFF,0XFF,0XFF,0XFF,0XFF,0XFF,0XFF,0XD7,0X9F,0X0B,0XD9,
  90          0X04,0X1D,0X04,0X1D,0X04,0X3D,0X04,0X3D,0X04,0X1D,0X04,0X1C,0X54,0XFB,0XF7,0XFF,
  91          0XF7,0XFF,0X5C,0XF9,0X9E,0X7D,0XFF,0XFF,0XEF,0XFF,0X1C,0X19,0X04,0X1C,0X04,0X1C,
  92          0X04,0X3D,0X04,0X1C,0X04,0X3D,0X04,0X1C,0X8D,0XFB,0XFF,0XFF,0XFF,0XFF,0XFF,0XFF,
  93          0XFF,0XFF,0XFF,0XFF,0XFF,0XFF,0XFF,0XFF,0XFF,0XFF,0XFF,0XFF,0XF7,0XFF,0X0C,0X1C,
  94          0X04,0X1C,0X76,0X1E,0X14,0X1A,0X14,0X1B,0X14,0X1B,0X0C,0X3C,0X04,0X1D,0X04,0X1C,
  95          0X14,0X3C,0X14,0X1A,0X14,0X1A,0X14,0X1B,0XC7,0X3E,0X13,0X97,0X13,0XB8,0X04,0X3D,
  96          0X04,0X1C,0X0B,0XB8,0X0B,0XB9,0X0B,0XB9,0X0B,0XB9,0X0B,0XB9,0X0B,0XD9,0X04,0X3D,
  97          0X55,0X5C,0XFF,0XFF,0XFF,0XFF,0XFF,0XDF,0X65,0X5A,0X04,0X3D,0X0B,0XFA,0XF7,0XFF,
  98          0XFF,0XFF,0XFF,0XFF,0XFF,0XFF,0XBF,0X1E,0X04,0X1D,0X0B,0XD9,0XFF,0XFF,0XFF,0XFF,
  99          0XFF,0XFF,0XFF,0XFF,0XFF,0XFF,0XFF,0XFF,0XFF,0XFF,0XFF,0XFF,0XFF,0XFF,0XFF,0XFF,
 100          0XFF,0XFF,0XFF,0XFF,0XFF,0XFF,0XF7,0XFF,0X1C,0X1A,0X04,0X1C,0X04,0X1D,0X04,0X3D,
 101          0X04,0X3D,0X04,0X3D,0X04,0X3D,0X24,0X3A,0XEF,0XFF,0XFF,0XFF,0XA6,0XDD,0X0C,0X1C,
 102          0X04,0X3D,0X04,0X3C,0X0B,0XD9,0XD7,0X9F,0XFF,0XFF,0XD7,0X9E,0X0B,0XBA,0X04,0X3C,
 103          0X04,0X1C,0X04,0X3D,0X04,0X3C,0X04,0X1C,0X03,0XFA,0XD7,0X7F,0XFF,0XDF,0XFF,0XFF,
 104          0XFF,0XFF,0XFF,0XFF,0XFF,0XFF,0XFF,0XFF,0XFF,0XFF,0XDF,0XBF,0X04,0X1C,0X0B,0XDB,
 105          0X6D,0XBD,0X03,0XFC,0X04,0X1C,0X04,0X1C,0X04,0X1C,0X04,0X1C,0X04,0X1C,0X04,0X1C,
 106          0X04,0X1C,0X04,0X1C,0X04,0X1B,0XCF,0X5E,0XFF,0XFF,0XFF,0XFF,0X04,0X1C,0X24,0X5A,
 107          0XF7,0XFF,0XEF,0XFF,0XF7,0XFF,0XEF,0XFF,0XF7,0XFF,0X96,0X7D,0X04,0X1C,0X45,0X3C,
 108          0X5D,0X5D,0X5D,0X5D,0XF7,0XFF,0XF7,0XFF,0X0B,0XFB,0X0C,0X1C,0X85,0XBA,0XD7,0X9F,
 109          0XDF,0X9F,0XDF,0X9F,0XA6,0XBE,0X04,0X3D,0X13,0XFA,0XDF,0X9F,0XD7,0X9F,0XDF,0X9F,
 110          0XDF,0X9F,0XFF,0XFF,0XFF,0XFF,0XFF,0XFF,0XFF,0XFF,0XFF,0XFF,0XFF,0XFF,0XFF,0XFF,
 111          0XFF,0XFF,0XFF,0XFF,0X13,0XFA,0X04,0X1C,0X04,0X1D,0X04,0X3C,0X04,0X3D,0X04,0X1C,
 112          0X13,0XDA,0XD7,0XBF,0XFF,0XFF,0XE7,0XFF,0X0B,0XFA,0X04,0X1D,0X04,0X3D,0X04,0X1B,
 113          0X04,0X1D,0X04,0X1C,0X04,0X1C,0X13,0XB7,0XF7,0XFF,0XFF,0XFF,0XA6,0X9D,0X04,0X1C,
 114          0X04,0X3D,0X04,0X3E,0X04,0X1C,0X04,0X5C,0X04,0X1D,0XE7,0XFF,0XFF,0XFF,0XFF,0XFF,
 115          0XFF,0XFF,0XFF,0XFF,0XFF,0XFF,0XFF,0XFF,0X1B,0X96,0X03,0XFC,0X75,0X9A,0XF7,0XFF,
 116          0XEF,0XFF,0XEF,0XFF,0XF7,0XFF,0XF7,0XFF,0XF7,0XFF,0XF7,0XFF,0XF7,0XFF,0XEF,0XFF,
C51 COMPILER V9.60.0.0   LOGO                                                              12/14/2021 10:58:50 PAGE 3   

 117          0XEF,0XFF,0XF7,0XFF,0XFF,0XFF,0XFF,0XFF,0XDF,0XFF,0X04,0X3D,0X04,0X1C,0X04,0X1D,
 118          0X04,0X1C,0X04,0X3D,0X04,0X1D,0X04,0X1D,0X04,0X1D,0X04,0X1C,0X04,0X1C,0X04,0X1C,
 119          0X04,0X3C,0XFF,0XFF,0XFF,0XFF,0XDF,0X7E,0XE7,0XFF,0XF7,0XFF,0X04,0X1C,0X04,0X1C,
 120          0X04,0X1C,0X04,0X3E,0X04,0X3C,0X04,0X1C,0X04,0X3C,0X04,0X1D,0X04,0X1C,0X04,0X1E,
 121          0XD7,0XDF,0XFF,0XFF,0XFF,0XFF,0XFF,0XFF,0XFF,0XFF,0XFF,0XFF,0XFF,0XFF,0XFF,0XFF,
 122          0XFF,0XFF,0X0C,0X1B,0X04,0X3D,0X04,0X3C,0X04,0X3D,0X04,0X1C,0X86,0X1D,0XF7,0XFF,
 123          0XEF,0XFF,0X34,0X79,0X04,0X3D,0X04,0X1C,0X04,0X1D,0X04,0X1D,0X04,0X3D,0X04,0X1D,
 124          0X04,0X1C,0X04,0X3D,0X04,0X1C,0X04,0X1C,0X54,0XFA,0XF7,0XFF,0XF7,0XFF,0X13,0XD8,
 125          0X04,0X3C,0X04,0X3D,0X04,0X1C,0X04,0X3D,0XE7,0XFF,0XFF,0XFF,0XFF,0XFF,0XFF,0XFF,
 126          0XFF,0XFF,0XFF,0XFF,0XF7,0XFF,0X04,0X1C,0X04,0X3C,0X7D,0XBA,0XFF,0XFF,0X13,0XDA,
 127          0X04,0X1D,0X04,0X1D,0X04,0X1D,0X04,0X1D,0X04,0X1D,0X04,0X1D,0X04,0X1C,0X04,0X3D,
 128          0XBF,0X9F,0XFF,0XFF,0XFF,0XFF,0X13,0XD9,0X04,0X3D,0XA7,0X5F,0X1C,0X5C,0XBF,0X5F,
 129          0XC7,0X5F,0X0B,0XDA,0X04,0X3D,0XDF,0XFF,0XEF,0XFF,0XEF,0XFF,0X0C,0X1B,0X04,0X3C,
 130          0XF7,0XFF,0XEF,0XFF,0XEF,0XFF,0XEF,0XFF,0XF7,0XFF,0X44,0X99,0X3C,0X79,0X3C,0X79,
 131          0X14,0X1B,0X04,0X1C,0X1C,0X3A,0X44,0X79,0X3C,0X79,0X44,0X78,0X3C,0X79,0XE7,0XDF,
 132          0XFF,0XFF,0XFF,0XFF,0XFF,0XFF,0XFF,0XFF,0XFF,0XFF,0XFF,0XFF,0XFF,0XFF,0XFF,0XFF,
 133          0X0C,0X1B,0X04,0X3C,0X04,0X1D,0X04,0X1C,0XF7,0XFF,0XF7,0XFF,0X85,0XFC,0X0C,0X1C,
 134          0X04,0X1D,0X04,0X1C,0X04,0X3D,0X04,0X3D,0X04,0X1C,0X13,0XF9,0X04,0X3C,0X04,0X3C,
 135          0X04,0X3D,0X04,0X3D,0X04,0X1C,0X04,0X3D,0X0C,0X1B,0X9E,0XBD,0X13,0XFA,0X04,0X1D,
 136          0X04,0X3D,0X04,0X1D,0X04,0X1D,0XE7,0XFF,0XFF,0XFF,0XFF,0XFF,0XFF,0XFF,0XFF,0XFF,
 137          0XFF,0XFF,0X96,0X5C,0X04,0X1D,0X04,0X3D,0X7D,0XBA,0XFF,0XFF,0X6D,0X18,0X5D,0X3A,
 138          0X5D,0X3A,0X5D,0X3A,0X5D,0X3A,0X5D,0X3A,0X5D,0X3A,0X5D,0X3A,0X65,0X3B,0XD7,0XBF,
 139          0XFF,0XFF,0XAE,0XBD,0X04,0X3C,0X13,0XD9,0X64,0XB7,0X04,0X1B,0X0C,0X1C,0X2C,0X7A,
 140          0X04,0X1D,0X9E,0X7D,0XFF,0XFF,0XFF,0XFF,0XEF,0XFF,0X0C,0X1B,0X04,0X1C,0XAE,0XDF,
 141          0X04,0X1D,0X04,0X3D,0X04,0X1D,0XF7,0XFF,0XFF,0XFF,0XFF,0XFF,0XFF,0XFF,0X1B,0XD8,
 142          0X04,0X1D,0X86,0X3C,0XFF,0XFF,0XFF,0XFF,0XFF,0XFF,0XFF,0XFF,0XFF,0XFF,0XFF,0XFF,
 143          0XFF,0XFF,0XFF,0XFF,0XFF,0XFF,0XFF,0XFF,0XFF,0XFF,0XFF,0XFF,0XFF,0XFF,0X0C,0X1B,
 144          0X04,0X3D,0X04,0X3D,0X0B,0XFB,0XFF,0XFF,0X24,0X3A,0X04,0X1D,0X04,0X3D,0X04,0X1D,
 145          0X04,0X1C,0X04,0X3C,0X13,0XFA,0XDF,0XFF,0XFF,0XFF,0XEF,0XFF,0X23,0XB6,0X04,0X1C,
 146          0X04,0X1C,0X04,0X3D,0X04,0X1D,0X04,0X3D,0X04,0X3D,0X03,0XFB,0X0B,0XFA,0X04,0X3C,
 147          0X04,0X3C,0X04,0X1D,0XE7,0XFF,0XFF,0XFF,0XFF,0XFF,0XFF,0XFF,0XFF,0XFF,0XFF,0XFF,
 148          0X0B,0XFA,0X04,0X1D,0X04,0X1D,0X7D,0XBA,0XFF,0XFF,0X23,0X54,0X1B,0X76,0X1B,0X96,
 149          0X1B,0X96,0X1B,0X96,0X1B,0X96,0X23,0X76,0X1B,0X96,0X23,0X96,0XCF,0X7E,0X9E,0X9D,
 150          0X04,0X1C,0X04,0X1D,0XDF,0XFF,0XEF,0XFF,0X34,0X38,0X04,0X3C,0X04,0X1D,0X04,0X1B,
 151          0XDF,0XDF,0X3C,0X58,0X0B,0XF9,0X0B,0XFA,0X04,0X3D,0X13,0XD9,0XAE,0XDE,0X0B,0XFA,
 152          0X04,0X3C,0X04,0X1D,0XF7,0XFF,0XFF,0XFF,0XFF,0XFF,0XF7,0XFF,0X04,0X3D,0X04,0X3D,
 153          0X04,0X1C,0XC7,0X9F,0XFF,0XFF,0XFF,0XFF,0XFF,0XFF,0XFF,0XFF,0XFF,0XFF,0XFF,0XFF,
 154          0XFF,0XFF,0XFF,0XFF,0XFF,0XFF,0XFF,0XFF,0XFF,0XFF,0XFF,0XFF,0X0C,0X1B,0X04,0X3D,
 155          0X04,0X3D,0X0B,0XFB,0XFF,0XFF,0X24,0X5A,0X04,0X3D,0X04,0X1D,0X04,0X3C,0X0B,0XFB,
 156          0XAE,0XDD,0XFF,0XFF,0XF7,0XFF,0X3C,0X79,0XC7,0X5E,0XFF,0XFF,0XF7,0XFF,0X44,0XFA,
 157          0X04,0X3D,0X04,0X3D,0X04,0X3D,0X04,0X3D,0XCF,0XDF,0XEF,0XFF,0X04,0X3D,0X04,0X1D,
 158          0X04,0X3D,0XE7,0XFF,0XFF,0XFF,0XFF,0XFF,0XFF,0XFF,0XFF,0XFF,0XFF,0XFF,0X0C,0X1B,
 159          0X04,0X1D,0X04,0X3D,0X7D,0XBA,0XFF,0XFF,0X1B,0XD8,0X0C,0X1B,0X0C,0X1B,0X0C,0X1B,
 160          0X0C,0X1B,0X0C,0X1B,0X0C,0X1B,0X0C,0X1B,0X0C,0X1C,0XC7,0X9F,0XB7,0X1D,0X0C,0X1C,
 161          0XAE,0XBD,0XBF,0X3D,0X04,0X1D,0X04,0X1B,0X34,0X9A,0XAE,0XDE,0X0C,0X1B,0X03,0XFB,
 162          0X96,0X7D,0X0B,0XFB,0X0C,0X1B,0X0B,0XB9,0XF7,0XFF,0XFF,0XFF,0XFF,0XFF,0X0B,0XFA,
 163          0X04,0X1D,0XF7,0XFF,0XFF,0XFF,0XFF,0XFF,0X3C,0X79,0X04,0X3C,0X04,0X3D,0X04,0X1D,
 164          0X03,0XFC,0X65,0X39,0XFF,0XFF,0XFF,0XFF,0XFF,0XFF,0XFF,0XFF,0XFF,0XFF,0XFF,0XFF,
 165          0XFF,0XFF,0XFF,0XFF,0XFF,0XFF,0XFF,0XFF,0XFF,0XFF,0X0C,0X1B,0X04,0X3D,0X04,0X3D,
 166          0X0B,0XFB,0XFF,0XFF,0X24,0X5A,0X04,0X3C,0X0B,0XFC,0X8E,0X1C,0XFF,0XFF,0XF7,0XFF,
 167          0X4C,0XFA,0X04,0X1C,0X04,0X1C,0X04,0X3C,0X13,0XFA,0XAE,0XBC,0X75,0XDC,0X04,0X3D,
 168          0X04,0X3D,0X04,0X3D,0X04,0X1D,0XD7,0XDF,0XEF,0XFF,0X04,0X1C,0X04,0X1C,0X04,0X1D,
 169          0XE7,0XFF,0XFF,0XFF,0XFF,0XFF,0XFF,0XFF,0XFF,0XFF,0XFF,0XFF,0X13,0XB8,0X8E,0XBF,
 170          0X04,0X3D,0X7D,0XBA,0XFF,0XFF,0XF7,0XFF,0XEF,0XFF,0XEF,0XFF,0XEF,0XFF,0XEF,0XFF,
 171          0XEF,0XFF,0XEF,0XFF,0XEF,0XFF,0XEF,0XFF,0XFF,0XFF,0XFF,0XFF,0XC7,0X5F,0X7D,0XFD,
 172          0X85,0XFC,0X14,0X1B,0X7E,0X5D,0X7D,0XFC,0X7E,0X1C,0X76,0X1D,0X55,0X9B,0X7D,0XFC,
 173          0X76,0X1D,0X7D,0XFC,0X7D,0XFD,0XEF,0XFF,0XFF,0XFF,0XFF,0XFF,0X0B,0XFA,0X04,0X3D,
 174          0XF7,0XFF,0XFF,0XFF,0X75,0XBC,0X04,0X1D,0X04,0X1D,0XA6,0XFE,0X2C,0X59,0X04,0X1D,
 175          0X04,0X3D,0X2C,0X59,0XFF,0XFF,0XFF,0XFF,0XFF,0XFF,0XFF,0XFF,0XFF,0XFF,0XFF,0XFF,
 176          0XFF,0XFF,0XFF,0XFF,0XFF,0XFF,0XFF,0XFF,0X0C,0X1B,0X04,0X3D,0X04,0X3D,0X0B,0XFB,
 177          0XFF,0XFF,0X2C,0X7B,0X85,0XDB,0XF7,0XFF,0XFF,0XFF,0XFF,0XFF,0X44,0X36,0X04,0X5E,
 178          0X04,0X3D,0X04,0X3D,0X04,0X1C,0X04,0X3D,0X04,0X3C,0X04,0X1D,0X04,0X3D,0X04,0X3D,
C51 COMPILER V9.60.0.0   LOGO                                                              12/14/2021 10:58:50 PAGE 4   

 179          0X04,0X1D,0X04,0X1C,0XCF,0XDF,0XEF,0XFF,0X04,0X3D,0X04,0X3C,0X04,0X1D,0XE7,0XFF,
 180          0XFF,0XFF,0XFF,0XFF,0XFF,0XFF,0XFF,0XFF,0XFF,0XFF,0X9D,0XB8,0X8E,0X5E,0X04,0X1C,
 181          0X7D,0XBB,0XF7,0XFF,0X0B,0XFB,0X04,0X1C,0X04,0X1D,0X04,0X1C,0X04,0X1C,0X04,0X1D,
 182          0X04,0X3D,0X04,0X1D,0X04,0X3D,0XBF,0XBF,0XFF,0XFF,0XC7,0X5E,0X04,0X1C,0X03,0XFD,
 183          0X04,0X1D,0X04,0X1C,0X04,0X1C,0X04,0X1D,0X04,0X1C,0X03,0XFB,0X04,0X1D,0X04,0X1C,
 184          0X04,0X5E,0X04,0X3C,0XEF,0XFF,0XFF,0XFF,0XFF,0XFF,0X0B,0XFA,0X04,0X1D,0XF7,0XFF,
 185          0X34,0X58,0X04,0X1C,0X04,0X3D,0X24,0X38,0XFF,0XFF,0XFF,0XFF,0X44,0X9A,0X03,0XFC,
 186          0X04,0X3D,0X13,0XF8,0XF7,0XFF,0XFF,0XFF,0XFF,0XFF,0XFF,0XFF,0XFF,0XFF,0XFF,0XFF,
 187          0XFF,0XFF,0XFF,0XFF,0XFF,0XFF,0X0C,0X1B,0X04,0X3D,0X04,0X3D,0X0B,0XFB,0XFF,0XFF,
 188          0XFF,0XFF,0XFF,0XFF,0X6D,0X7A,0X0C,0X1B,0XFF,0XFF,0X3C,0X36,0X04,0X3D,0X04,0X1D,
 189          0X04,0X1D,0X04,0X3D,0X04,0X3C,0X04,0X3D,0X04,0X1D,0X04,0X3D,0X04,0X1C,0X04,0X1C,
 190          0X75,0X9C,0XFF,0XFF,0XEF,0XFF,0X04,0X3C,0X04,0X1D,0X04,0X1D,0XE7,0XFF,0XFF,0XFF,
 191          0XFF,0XFF,0XFF,0XFF,0XFF,0XFF,0XFF,0XFF,0XFF,0XFF,0X96,0X3D,0X04,0X1D,0X7D,0XBA,
 192          0XFF,0XFF,0X13,0XDA,0X04,0X1D,0X3C,0XBB,0X44,0X99,0X44,0X99,0X44,0X99,0X44,0X99,
 193          0X14,0X3B,0X04,0X3D,0XC7,0XBF,0XFF,0XFF,0XCF,0X5E,0X04,0X1C,0X24,0X19,0XE7,0XFF,
 194          0X0B,0XFA,0X04,0X3D,0XDF,0XFF,0XD7,0XFF,0X04,0X1D,0X2C,0X7B,0XEF,0XFF,0X14,0X5B,
 195          0X04,0X3C,0XE7,0XFF,0XFF,0XFF,0XFF,0XFF,0X0B,0XFA,0X04,0X3D,0XEF,0XFF,0X13,0XB8,
 196          0X04,0X3D,0X2C,0X39,0XFF,0XFF,0XFF,0XFF,0XFF,0XFF,0XFF,0XFF,0X7D,0XDC,0X04,0X1C,
 197          0X54,0XD9,0XFF,0XFF,0XFF,0XFF,0XFF,0XFF,0XFF,0XFF,0XFF,0XFF,0XFF,0XFF,0XFF,0XFF,
 198          0XFF,0XFF,0XFF,0XFF,0X0C,0X1B,0X04,0X3D,0X04,0X3D,0X04,0X1C,0XE7,0XFF,0X96,0X5D,
 199          0X04,0X1C,0X04,0X3D,0X04,0X1C,0XFF,0XFF,0X3C,0X36,0X04,0X3C,0X04,0X3D,0X04,0X3C,
 200          0X04,0X3D,0X04,0X3D,0X04,0X3D,0X04,0X3C,0X0B,0XFC,0X54,0XFA,0XF7,0XFF,0XF7,0XFF,
 201          0XEF,0XFF,0XEF,0XFF,0X04,0X3C,0X04,0X1D,0X04,0X3D,0XE7,0XFF,0XFF,0XFF,0XFF,0XFF,
 202          0XFF,0XFF,0XFF,0XFF,0XFF,0XFF,0XFF,0XFF,0X96,0X3E,0X04,0X3D,0X7D,0XBA,0XFF,0XFF,
 203          0X0B,0XFA,0X04,0X3D,0XEF,0XFF,0XFF,0XFF,0XFF,0XFF,0XFF,0XFF,0XFF,0XFF,0X34,0X5A,
 204          0X04,0X1D,0XC7,0XBF,0XFF,0XFF,0XCF,0X5E,0X04,0X3D,0X23,0XF7,0XFF,0XFF,0X0B,0XD9,
 205          0X04,0X1C,0XEF,0XFF,0XE7,0XFF,0X04,0X3D,0X34,0X59,0XFF,0XFF,0X1C,0X1B,0X04,0X1C,
 206          0XEF,0XFF,0XFF,0XFF,0X4D,0X1A,0X04,0X3C,0X04,0X1D,0X1B,0XF8,0XDF,0XFF,0X4C,0X98,
 207          0XFF,0XFF,0XFF,0XFF,0XFF,0XFF,0XFF,0XFF,0XFF,0XFF,0XFF,0XFF,0X9E,0X1A,0XFF,0XFF,
 208          0XFF,0XFF,0XFF,0XFF,0XFF,0XFF,0XFF,0XFF,0XFF,0XFF,0XFF,0XFF,0XFF,0XFF,0XFF,0XFF,
 209          0XFF,0XFF,0X0C,0X1B,0X04,0X3D,0X04,0X3D,0X04,0X1B,0X0B,0XDA,0X04,0X1D,0X04,0X1C,
 210          0X04,0X3D,0X04,0X1C,0XFF,0XFF,0X4C,0X15,0X04,0X3C,0X04,0X1C,0X04,0X3C,0X04,0X3D,
 211          0X04,0X1C,0X04,0X1C,0X34,0X38,0XF7,0XFF,0XFF,0XFF,0XB6,0XDE,0X0C,0X1C,0XCF,0XDF,
 212          0XEF,0XFF,0X04,0X3C,0X04,0X3D,0X04,0X3D,0XE7,0XFF,0XFF,0XFF,0XFF,0XFF,0XFF,0XFF,
 213          0XFF,0XFF,0XFF,0XFF,0XFF,0XFF,0X96,0X3E,0X04,0X3D,0X7D,0XBA,0XFF,0XFF,0X0B,0XFA,
 214          0X04,0X3D,0X04,0X1C,0X03,0XFC,0X04,0X1C,0X04,0X1C,0X03,0XFB,0X04,0X3C,0X04,0X3D,
 215          0XC7,0XBF,0X85,0XBA,0X6D,0XBD,0X04,0X1D,0X13,0XFA,0X85,0XBB,0X03,0XFB,0X04,0X3D,
 216          0X85,0XFD,0X75,0XFE,0X04,0X3D,0X1C,0X3B,0X85,0XBB,0X0C,0X3B,0X04,0X3D,0X76,0X3F,
 217          0X2C,0X18,0X04,0X3D,0X04,0X3D,0X14,0X1B,0X04,0X3D,0X04,0X3E,0X03,0XDB,0X13,0X97,
 218          0X1B,0X96,0X1B,0X96,0X1B,0X96,0X1B,0X96,0X23,0X96,0X1B,0XB7,0X13,0XD8,0X1B,0X75,
 219          0XFF,0XFF,0XFF,0XFF,0XFF,0XFF,0XFF,0XFF,0XFF,0XFF,0XFF,0XFF,0XFF,0XFF,0XFF,0XFF,
 220          0X0C,0X1B,0X04,0X1C,0X04,0X3D,0X0B,0XFA,0XF7,0XFF,0X14,0X1A,0X04,0X1C,0X04,0X3D,
 221          0X04,0X1D,0X9E,0X5C,0XFF,0XFF,0XC7,0X3E,0X0C,0X1B,0X04,0X1C,0X0C,0X1C,0X34,0X7A,
 222          0XEF,0XFF,0XFF,0XFF,0XB6,0XDE,0X0B,0XDB,0X04,0X1D,0X04,0X3C,0XCF,0XDF,0XEF,0XFF,
 223          0X04,0X3C,0X04,0X3D,0X04,0X3D,0XE7,0XFF,0XFF,0XFF,0XFF,0XFF,0XFF,0XFF,0XFF,0XFF,
 224          0XFF,0XFF,0XFF,0XFF,0X8E,0X3D,0X04,0X3C,0X7D,0XBA,0XFF,0XFF,0X0B,0XFA,0X04,0X1C,
 225          0X03,0XFB,0X0B,0XFB,0X0C,0X1B,0X0C,0X1B,0X03,0XFB,0X04,0X1C,0X04,0X1D,0XC7,0X9F,
 226          0X0B,0XDA,0X04,0X3D,0X04,0X3C,0X04,0X1C,0X04,0X1D,0X04,0X1C,0X04,0X3C,0X04,0X1D,
 227          0X04,0X3D,0X04,0X3D,0X04,0X3C,0X04,0X1D,0X04,0X3D,0X04,0X3D,0X04,0X3C,0X5D,0X9D,
 228          0X04,0X1C,0X96,0X9D,0XF7,0XFF,0X44,0XBA,0X03,0XFB,0X04,0X1D,0X04,0X3D,0X04,0X3D,
 229          0X04,0X3D,0X04,0X3D,0X04,0X3C,0X04,0X3D,0X04,0X1D,0X04,0X1C,0XCF,0XBF,0XFF,0XFF,
 230          0XFF,0XFF,0XFF,0XFF,0XFF,0XFF,0XFF,0XFF,0XFF,0XFF,0XFF,0XFF,0XFF,0XFF,0X0C,0X1B,
 231          0X04,0X1D,0X04,0X3D,0X0C,0X1B,0XFF,0XFF,0X24,0X3A,0X04,0X3D,0X04,0X3C,0X04,0X1D,
 232          0X04,0X3D,0X23,0XF8,0XF7,0XFF,0XEF,0XFF,0X4C,0X77,0XEF,0XFF,0XF7,0XFF,0XC7,0X1D,
 233          0X0B,0XDA,0X04,0X1D,0X04,0X3C,0X04,0X3D,0X04,0X3D,0XD7,0XDF,0XEF,0XFF,0X04,0X3C,
 234          0X04,0X1D,0X04,0X3D,0XE7,0XFF,0XFF,0XFF,0XFF,0XFF,0XFF,0XFF,0XFF,0XFF,0XFF,0XFF,
 235          0XFF,0XFF,0X96,0X5D,0X14,0X3B,0X85,0XBA,0XFF,0XFF,0X24,0X19,0X14,0X3B,0XEF,0XFF,
 236          0XFF,0XFF,0XF7,0XFF,0XFF,0XFF,0XF7,0XFF,0X3C,0X79,0X14,0X3A,0XC7,0XBF,0XF7,0XFF,
 237          0XEF,0XFF,0XEF,0XFF,0XEF,0XFF,0XEF,0XFF,0XEF,0XFF,0XEF,0XFF,0XEF,0XFF,0XEF,0XFF,
 238          0XEF,0XFF,0XEF,0XFF,0XEF,0XFF,0XEF,0XFF,0XEF,0XFF,0XEF,0XFF,0XFF,0XFF,0X7D,0X38,
 239          0XFF,0XFF,0XFF,0XFF,0XFF,0XFF,0XEF,0XFF,0XF7,0XFF,0XEF,0XFF,0XE7,0XFF,0XDF,0XBF,
 240          0XD7,0X9F,0XCF,0X7F,0XCF,0X7F,0XCF,0X5F,0XC7,0X5F,0XFF,0XFF,0XFF,0XFF,0XFF,0XFF,
C51 COMPILER V9.60.0.0   LOGO                                                              12/14/2021 10:58:50 PAGE 5   

 241          0XFF,0XFF,0XFF,0XFF,0XFF,0XFF,0XFF,0XFF,0XFF,0XFF,0XFF,0XFF,0X13,0XFB,0X04,0X1D,
 242          0X04,0X3D,0X0C,0X1B,0XFF,0XFF,0X2C,0X7A,0X04,0X3D,0X0C,0X1C,0X04,0X3D,0X04,0X1C,
 243          0X04,0X3D,0X0B,0XFB,0XDF,0XFF,0XFF,0XFF,0XDF,0XFF,0X0B,0XD9,0X04,0X1D,0X04,0X1D,
 244          0X04,0X1D,0X04,0X3D,0X04,0X3D,0X04,0X3C,0XCF,0XDF,0XEF,0XFF,0X04,0X3C,0X04,0X3D,
 245          0X04,0X3C,0XE7,0XFF,0XFF,0XFF,0XFF,0XFF,0XFF,0XFF,0XFF,0XFF,0XFF,0XFF,0XFF,0XFF,
 246          0XFF,0XFF,0XFF,0XFF,0XFF,0XFF,0XFF,0XFF,0XFF,0XFF,0XFF,0XFF,0XFF,0XFF,0XFF,0XFF,
 247          0XFF,0XFF,0XFF,0XFF,0XFF,0XFF,0XFF,0XFF,0XFF,0XFF,0XFF,0XFF,0XFF,0XFF,0XFF,0XFF,
 248          0XFF,0XFF,0XFF,0XFF,0XFF,0XFF,0XFF,0XFF,0XFF,0XFF,0XFF,0XFF,0XFF,0XFF,0XFF,0XFF,
 249          0XFF,0XFF,0XFF,0XFF,0XFF,0XFF,0XFF,0XFF,0XFF,0XFF,0XFF,0XFF,0XFF,0XFF,0XFF,0XFF,
 250          0XFF,0XFF,0XFF,0XFF,0XFF,0XFF,0XFF,0XFF,0XFF,0XFF,0XFF,0XFF,0XFF,0XFF,0XFF,0XFF,
 251          0XFF,0XFF,0XFF,0XFF,0XFF,0XFF,0XFF,0XFF,0XFF,0XFF,0XFF,0XFF,0XFF,0XFF,0XFF,0XFF,
 252          0XFF,0XFF,0XFF,0XFF,0XFF,0XFF,0XFF,0XFF,0XFF,0XFF,0X0C,0X1B,0X04,0X3D,0X04,0X3D,
 253          0X0C,0X1B,0XFF,0XFF,0XC7,0X5E,0X0B,0XD9,0X04,0X3D,0X04,0X1D,0X04,0X1D,0X04,0X3D,
 254          0X04,0X1B,0X04,0X1D,0X13,0XB9,0X04,0X3D,0X04,0X1C,0X04,0X3C,0X04,0X1D,0X04,0X3D,
 255          0X04,0X3C,0X04,0X1C,0X7D,0XBC,0XFF,0XFF,0XE7,0XFF,0X04,0X1D,0X04,0X1D,0X04,0X3D,
 256          0XE7,0XFF,0XFF,0XFF,0XFF,0XFF,0XFF,0XFF,0XFF,0XFF,0XFF,0XFF,0XFF,0XFF,0XFF,0XFF,
 257          0XFF,0XFF,0XFF,0XFF,0XFF,0XFF,0XFF,0XFF,0XFF,0XFF,0XFF,0XFF,0XFF,0XFF,0XFF,0XFF,
 258          0XFF,0XFF,0XFF,0XFF,0XFF,0XFF,0XFF,0XFF,0XFF,0XFF,0XFF,0XFF,0XFF,0XFF,0XFF,0XFF,
 259          0XFF,0XFF,0XFF,0XFF,0XFF,0XFF,0XFF,0XFF,0XFF,0XFF,0XFF,0XFF,0XFF,0XFF,0XFF,0XFF,
 260          0XFF,0XFF,0XFF,0XFF,0XFF,0XFF,0XFF,0XFF,0XFF,0XFF,0XFF,0XFF,0XFF,0XFF,0XFF,0XFF,
 261          0XFF,0XFF,0XFF,0XFF,0XFF,0XFF,0XFF,0XFF,0XFF,0XFF,0XFF,0XFF,0XFF,0XFF,0XFF,0XFF,
 262          0XFF,0XFF,0XFF,0XFF,0XFF,0XFF,0XFF,0XFF,0XFF,0XFF,0XFF,0XFF,0XFF,0XFF,0XFF,0XFF,
 263          0XFF,0XFF,0XFF,0XFF,0XFF,0XFF,0XF7,0XFF,0X14,0X1A,0X04,0X3C,0X04,0X3D,0X04,0X5D,
 264          0X2C,0X18,0XEF,0XFF,0XFF,0XFF,0X9E,0X7D,0X0B,0XFB,0X04,0X3C,0X04,0X1C,0X04,0X3D,
 265          0X04,0X1C,0X04,0X3E,0X04,0X3C,0X04,0X3C,0X04,0X3D,0X04,0X3D,0X04,0X1C,0X34,0X79,
 266          0XF7,0XFF,0XF7,0XFF,0X8E,0X5D,0X04,0X3C,0X04,0X3C,0X04,0X1D,0X04,0X3D,0XE7,0XFF,
 267          0XFF,0XFF,0XFF,0XFF,0XFF,0XFF,0XFF,0XFF,0XFF,0XFF,0XFF,0XFF,0XFF,0XFF,0XFF,0XFF,
 268          0XFF,0XFF,0XFF,0XFF,0XFF,0XFF,0XFF,0XFF,0XFF,0XFF,0XFF,0XFF,0XEF,0X5D,0XFF,0XFF,
 269          0XFF,0XFF,0XFF,0XFF,0XFF,0XFF,0XFF,0XFF,0XFF,0XFF,0XFF,0XFF,0XFF,0XFF,0XFF,0XFF,
 270          0XFF,0XFF,0XFF,0XFF,0XFF,0XFF,0XFF,0XFF,0XFF,0XFF,0XFF,0XFF,0XFF,0XFF,0XFF,0XFF,
 271          0XFF,0XFF,0XFF,0XFF,0XFF,0XFF,0XFF,0XFF,0XFF,0XFF,0XFF,0XFF,0XFF,0XFF,0XFF,0XFF,
 272          0XFF,0XFF,0XFF,0XFF,0XFF,0XFF,0XFF,0XFF,0XFF,0XFF,0XFF,0XFF,0XFF,0XFF,0XFF,0XFF,
 273          0XFF,0XFF,0XFF,0XFF,0XFF,0XFF,0XFF,0XFF,0XFF,0XFF,0XFF,0XFF,0XFF,0XFF,0XFF,0XFF,
 274          0XFF,0XFF,0XFF,0XFF,0XFF,0XFF,0X0C,0X1B,0X04,0X3D,0X04,0X3D,0X04,0X1C,0X04,0X1D,
 275          0X04,0X1C,0X34,0X16,0XF7,0XFF,0XFF,0XFF,0X75,0XDD,0X0B,0XFB,0X04,0X3D,0X04,0X3C,
 276          0X04,0X1D,0X04,0X1C,0X04,0X3D,0X04,0X3D,0X13,0XFA,0XE7,0XFF,0XF7,0XFF,0XDF,0XFF,
 277          0X0B,0XFB,0X04,0X1C,0X04,0X1C,0X04,0X3D,0X04,0X1D,0X04,0X1C,0XE7,0XFF,0XFF,0XDF,
 278          0XFF,0XFF,0XFF,0XFF,0XFF,0XFF,0XFF,0XFF,0XFF,0XFF,0XFF,0XFF,0XFF,0XFF,0XFF,0XFF,
 279          0XFF,0XFF,0XFF,0XFF,0XFF,0XFF,0XFF,0XFF,0XFF,0XFF,0X21,0X24,0XFF,0XFF,0XFF,0XFF,
 280          0XFF,0XFF,0XFF,0XFF,0XFF,0XFF,0XFF,0XFF,0X10,0X81,0X31,0X65,0XCE,0X38,0XFF,0XFF,
 281          0XFF,0XFF,0X21,0X03,0X29,0X24,0XFF,0XFF,0XFF,0XFF,0X21,0X03,0X20,0XE3,0X29,0X45,
 282          0XFF,0XFF,0XFF,0XFF,0XFF,0XFF,0XFF,0XFF,0XFF,0XFF,0XFF,0XFF,0XFF,0XFF,0XFF,0XFF,
 283          0XFF,0XFF,0XFF,0XFF,0XFF,0XFF,0XFF,0XFF,0XFF,0XFF,0XFF,0XFF,0XFF,0XFF,0XFF,0XFF,
 284          0XFF,0XFF,0XFF,0XFF,0XFF,0XFF,0XFF,0XFF,0XFF,0XFF,0XFF,0XFF,0XFF,0XFF,0XFF,0XFF,
 285          0XFF,0XFF,0XFF,0XFF,0XF7,0XFF,0X23,0XF9,0X04,0X1C,0X04,0X3C,0X04,0X3C,0X04,0X1C,
 286          0X04,0X3D,0X04,0X1B,0X7D,0XBA,0XFF,0XFF,0XF7,0XFF,0X54,0XFA,0X04,0X1C,0X04,0X3C,
 287          0X04,0X1C,0X0B,0XFB,0X9E,0X7C,0XF7,0XFF,0XEF,0XFF,0X1B,0XF9,0X04,0X1C,0X04,0X1C,
 288          0X04,0X3D,0X04,0X1D,0X04,0X1C,0X0B,0XBA,0XD7,0X7E,0XFF,0XFF,0XFF,0XFF,0XFF,0XFF,
 289          0XFF,0XFF,0XFF,0XFF,0XFF,0XFF,0XFF,0XFF,0XFF,0XFF,0XFF,0XFF,0X8C,0X10,0X83,0XEF,
 290          0XFF,0XFF,0XFF,0XFF,0X9C,0XB2,0X83,0XEF,0X29,0X24,0XFF,0XFF,0X9C,0XD2,0XD6,0XBA,
 291          0XFF,0XDF,0X9C,0X92,0XFF,0XFF,0XF7,0X9E,0X21,0X03,0XCE,0X38,0XFF,0XFF,0XFF,0XFF,
 292          0XFF,0XFF,0X29,0X04,0XFF,0XFF,0XFF,0XFF,0X31,0X25,0XFF,0XFF,0X39,0XC6,0XEF,0X7D,
 293          0XFF,0XFF,0XFF,0XFF,0XFF,0XFF,0XDE,0XBA,0X6B,0X0C,0XE7,0X1C,0XFF,0XFF,0X94,0X71,
 294          0X6B,0X4D,0XFF,0XFF,0XFF,0XFF,0X94,0X92,0XF7,0XBE,0X6B,0X2C,0XFF,0XFF,0X73,0X6D,
 295          0XE7,0X1B,0XFF,0XFF,0XFF,0XFF,0XFF,0XFF,0XFF,0XFF,0XFF,0XFF,0XFF,0XFF,0XFF,0XFF,
 296          0XFF,0XFF,0XFF,0XFF,0XFF,0XFF,0XD7,0X9F,0X13,0XD9,0X04,0X3D,0X04,0X3D,0X04,0X3C,
 297          0X04,0X1C,0X04,0X1D,0X0B,0XFB,0XAE,0XBD,0XF7,0XFF,0XF7,0XFF,0X2C,0X39,0X4C,0XD9,
 298          0XF7,0XFF,0XF7,0XFF,0X5D,0X1A,0X04,0X1D,0X04,0X1C,0X04,0X3D,0X04,0X3D,0X04,0X3D,
 299          0X04,0X1C,0X8E,0X1B,0XFF,0XFF,0XFF,0XFF,0XFF,0XFF,0XFF,0XFF,0XFF,0XFF,0XFF,0XFF,
 300          0XFF,0XFF,0XFF,0XFF,0XFF,0XFF,0XFF,0XFF,0X41,0XC7,0XA5,0X13,0XB5,0XB6,0X6B,0X4C,
 301          0XA5,0X13,0X31,0X65,0XF7,0XBE,0X31,0X45,0XFF,0XFF,0X31,0X65,0XB5,0X95,0XFF,0XDE,
 302          0X29,0X24,0XFF,0XFF,0XFF,0XFF,0X21,0X03,0XCE,0X58,0XFF,0XFF,0XFF,0XFF,0XFF,0XFF,
C51 COMPILER V9.60.0.0   LOGO                                                              12/14/2021 10:58:50 PAGE 6   

 303          0X21,0X04,0XFF,0XFF,0XFF,0XDF,0XCE,0X59,0X29,0X04,0X73,0X6D,0XFF,0XFF,0XFF,0XFF,
 304          0XFF,0XFF,0XB5,0XB6,0X29,0X24,0XFF,0XDF,0XCE,0X59,0X31,0X65,0X6B,0X2C,0XDE,0XBA,
 305          0X29,0X44,0XFF,0XFF,0X29,0X24,0XA5,0X14,0X39,0X86,0X29,0X24,0XE7,0X1C,0X31,0X65,
 306          0XFF,0XFF,0XFF,0XFF,0XFF,0XFF,0XFF,0XFF,0XFF,0XFF,0XFF,0XFF,0XFF,0XFF,0XFF,0XFF,
 307          0XFF,0XFF,0XFF,0XFF,0XFF,0XFF,0XFF,0XFF,0XA6,0X9E,0X04,0X1C,0X04,0X3D,0X04,0X3D,
 308          0X04,0X3C,0X04,0X3C,0X04,0X3D,0X13,0XDA,0XE7,0XFF,0XFF,0XFF,0XFF,0XFF,0XB7,0X3E,
 309          0X0C,0X3B,0X04,0X1D,0X04,0X3B,0X04,0X1C,0X04,0X3D,0X04,0X1D,0X2B,0XD6,0XFF,0XFF,
 310          0XFF,0XFF,0XFF,0XFF,0XFF,0XFF,0XFF,0XFF,0XFF,0XFF,0XFF,0XFF,0XFF,0XFF,0XFF,0XFF,
 311          0XFF,0XFF,0XFF,0XFF,0XFF,0XFF,0X29,0X24,0X20,0XE3,0X18,0XE3,0X08,0X20,0X62,0XEB,
 312          0X9C,0XB2,0XFF,0XFF,0X21,0X03,0XFF,0XFF,0X31,0X65,0XB5,0X95,0XFF,0XDF,0X31,0X44,
 313          0XFF,0XFF,0XFF,0XFF,0X21,0X04,0XCE,0X38,0XFF,0XFF,0XFF,0XFF,0XFF,0XFF,0X21,0X03,
 314          0XFF,0XFF,0XFF,0XFF,0X29,0X24,0XFF,0XFF,0X41,0XE7,0XB5,0X96,0XFF,0XFF,0XFF,0XFF,
 315          0X63,0X0B,0X94,0X71,0XFF,0XFF,0XFF,0XFF,0X29,0X04,0XF7,0X9D,0XFF,0XFF,0X31,0X45,
 316          0XFF,0XFF,0X29,0X24,0XFF,0XFF,0X8C,0X10,0X73,0X6D,0XFF,0XFF,0X29,0X44,0XFF,0XFF,
 317          0XFF,0XFF,0XFF,0XFF,0XFF,0XFF,0XFF,0XFF,0XFF,0XFF,0XFF,0XFF,0XFF,0XFF,0XFF,0XFF,
 318          0XFF,0XFF,0XFF,0XFF,0XFF,0XFF,0XFF,0XFF,0XF7,0XFF,0X5D,0X1B,0X04,0X1C,0X04,0X3D,
 319          0X04,0X1D,0X04,0X1D,0X04,0X3C,0X04,0X1C,0X2C,0X39,0X1B,0XF9,0X04,0X1D,0X04,0X1C,
 320          0X04,0X1D,0X04,0X1D,0X04,0X1C,0X1B,0XD8,0XE7,0XFF,0XFF,0XFF,0XFF,0XFF,0XFF,0XFF,
 321          0XFF,0XFF,0XFF,0XFF,0XFF,0XFF,0XFF,0XFF,0XFF,0XFF,0XFF,0XFF,0XFF,0XFF,0XFF,0XFF,
 322          0XFF,0XFF,0XFF,0XFF,0X42,0X08,0X52,0X49,0XBD,0XB6,0XE6,0XFB,0XA5,0X34,0X31,0X45,
 323          0X84,0X30,0X31,0X45,0XFF,0XFF,0X41,0XE7,0X41,0XE7,0X5A,0XCB,0X31,0X44,0XFF,0XFF,
 324          0X5A,0XEB,0X29,0X44,0X5A,0XAA,0XB5,0X96,0XFF,0XFF,0X6B,0X2C,0X31,0X44,0X63,0X0C,
 325          0XFF,0XFF,0X31,0X45,0XB5,0X95,0X31,0X65,0XDE,0XDB,0X52,0X69,0XAD,0X35,0XCE,0X38,
 326          0X29,0X44,0X9C,0XB2,0XBD,0XD7,0X62,0XEB,0X42,0X07,0X7B,0XCF,0X29,0X44,0XFF,0XFF,
 327          0X29,0X24,0XFF,0XFF,0X84,0X0F,0X73,0X6D,0XFF,0XFF,0X29,0X45,0XFF,0XFF,0XFF,0XFF,
 328          0XFF,0XFF,0XFF,0XFF,0XFF,0XFF,0XFF,0XFF,0XFF,0XFF,0XFF,0XFF,0XFF,0XFF,0XFF,0XFF,
 329          0XFF,0XFF,0XFF,0XFF,0XFF,0XFF,0XFF,0XFF,0XFF,0XFF,0XEF,0XFF,0X2C,0X3A,0X04,0X3D,
 330          0X04,0X3D,0X04,0X3C,0X04,0X1D,0X04,0X1D,0X04,0X3D,0X04,0X3D,0X04,0X1C,0X04,0X3D,
 331          0X0B,0XFA,0XCF,0XBF,0XFF,0XFF,0XFF,0XFF,0XFF,0XFF,0XFF,0XFF,0XFF,0XFF,0XFF,0XFF,
 332          0XFF,0XFF,0XFF,0XFF,0XFF,0XFF,0XFF,0XFF,0XFF,0XFF,0XFF,0XFF,0XFF,0XFF,0XFF,0XFF,
 333          0XFF,0XFF,0XFF,0XFF,0XEF,0X5D,0XD6,0XBA,0XFF,0XFF,0XFF,0XFF,0XEF,0X5D,0XFF,0XDF,
 334          0XFF,0XFF,0XFF,0XFF,0XFF,0XFF,0XCE,0X59,0XFF,0XFF,0XFF,0XFF,0XFF,0XFF,0XFF,0XFF,
 335          0XFF,0XFF,0XFF,0XFF,0XFF,0XFF,0XFF,0XFF,0XFF,0XFF,0XFF,0XFF,0XFF,0XFF,0XFF,0XFF,
 336          0XFF,0XFF,0XC6,0X18,0XFF,0XFF,0XFF,0XFF,0XFF,0XBF,0XFF,0XFF,0XFF,0XFF,0XFF,0XFF,
 337          0XCE,0X38,0XFF,0XFF,0XFF,0XFF,0XF7,0X7D,0XDE,0XBA,0XFF,0XFF,0XFF,0XFF,0XFF,0XFF,
 338          0XFF,0XFF,0XFF,0XFF,0XFF,0XFF,0XFF,0XFF,0XFF,0XFF,0XFF,0XFF,0XFF,0XFF,0XFF,0XFF,
 339          0XFF,0XFF,0XFF,0XFF,0XFF,0XFF,0XFF,0XFF,0XFF,0XFF,0XFF,0XFF,0XFF,0XFF,0XFF,0XFF,
 340          0XFF,0XFF,0XFF,0XFF,0XFF,0XFF,0XFF,0XFF,0XFF,0XFF,0XFF,0XFF,0XDF,0XDF,0X0B,0XDB,
 341          0X04,0X3C,0X04,0X1C,0X04,0X3C,0X04,0X1D,0X04,0X1D,0X03,0XFB,0X86,0X3D,0XFF,0XFF,
 342          0XFF,0XDE,0XFF,0XFF,0XFF,0XFF,0XFF,0XFF,0XFF,0XFF,0XFF,0XFF,0XFF,0XFF,0XFF,0XFF,
 343          0XFF,0XFF,0XFF,0XFF,0XFF,0XFF,0XFF,0XFF,0XFF,0XFF,0XFF,0XFF,0XFF,0XFF,0XFF,0XFF,
 344          0XFF,0XFF,0XFF,0XFF,0XFF,0XFF,0XFF,0XFF,0XFF,0XFF,0XFF,0XFF,0XFF,0XFF,0XFF,0XFF,
 345          0XFF,0XFF,0XFF,0XFF,0XFF,0XFF,0XFF,0XFF,0XFF,0XFF,0XFF,0XFF,0XFF,0XFF,0XFF,0XFF,
 346          0XFF,0XFF,0XFF,0XFF,0XFF,0XFF,0XFF,0XFF,0XFF,0XFF,0XFF,0XFF,0XFF,0XFF,0XFF,0XFF,
 347          0XFF,0XFF,0XFF,0XFF,0XFF,0XFF,0XFF,0XFF,0XFF,0XFF,0XFF,0XFF,0XFF,0XFF,0XFF,0XFF,
 348          0XFF,0XFF,0XFF,0XFF,0XFF,0XFF,0XFF,0XFF,0XFF,0XFF,0XFF,0XFF,0XFF,0XFF,0XFF,0XFF,
 349          0XFF,0XFF,0XFF,0XFF,0XFF,0XFF,0XFF,0XFF,0XFF,0XFF,0XFF,0XFF,0XFF,0XFF,0XFF,0XFF,
 350          0XFF,0XFF,0XFF,0XFF,0XFF,0XFF,0XFF,0XFF,0XFF,0XFF,0XFF,0XFF,0XFF,0XFF,0XFF,0XFF,
 351          0XFF,0XFF,0XFF,0XFF,0XFF,0XFE,0XFF,0XFF,0XFF,0XFF,0XFF,0XFF,0XFF,0XFF,0X8E,0X1C,
 352          0X03,0XFB,0X04,0X3D,0X04,0X1C,0X3C,0X79,0XF7,0XFF,0XFF,0XFF,0XFF,0XFF,0XFF,0XFF,
 353          0XFF,0XFF,0XFF,0XFF,0XFF,0XFF,0XFF,0XFF,0XFF,0XFF,0XFF,0XFF,0XFF,0XFF,0XFF,0XFF,
 354          0XFF,0XFF,0XFF,0XFF,0XFF,0XFF,0XFF,0XFF,0XFF,0XFF,0XFF,0XFF,0XFF,0XFF,0XFF,0XFF,
 355          0XFF,0XFF,0XFF,0XFF,0XFF,0XFF,0XFF,0XFF,0XFF,0XFF,0XFF,0XFF,0XFF,0XFF,0XFF,0XFF,
 356          0XFF,0XFF,0XFF,0XFF,0XFF,0XFF,0XFF,0XFF,0XFF,0XFF,0XFF,0XFF,0XFF,0XFF,0XFF,0XFF,
 357          0XFF,0XFF,0XFF,0XFF,0XFF,0XFF,0XFF,0XFF,0XFF,0XFF,0XFF,0XFF,0XFF,0XFF,0XFF,0XFF,
 358          0XFF,0XFF,0XFF,0XFF,0XFF,0XFF,0XFF,0XFF,0XFF,0XFF,0XFF,0XFF,0XFF,0XFF,0XFF,0XFF,
 359          0XFF,0XFF,0XFF,0XFF,0XFF,0XFF,0XFF,0XFF,0XFF,0XFF,0XFF,0XFF,0XFF,0XFF,0XFF,0XFF,
 360          0XFF,0XFF,0XFF,0XFF,0XFF,0XFF,0XFF,0XFF,0XFF,0XFF,0XFF,0XFF,0XFF,0XFF,0XFF,0XFF,
 361          0XFF,0XFF,0XFF,0XFF,0XFF,0XFF,0XFF,0XFF,0XFF,0XFF,0XFF,0XFF,0XFF,0XFF,0XFF,0XFF,
 362          0XFF,0XFF,0XFF,0XFF,0XFF,0XFF,0XFF,0XFF,0XFF,0XFF,0XFF,0XFF,0XFF,0XFF,0XF7,0XFF,
 363          0X4C,0X98,0XE7,0XFF,0XFF,0XFF,0XFF,0XFF,0XFF,0XFF,0XFF,0XFF,0XFF,0XFF,0XFF,0XFF,
 364          0XFF,0XFF,0XFF,0XFF,0XFF,0XFF,0XFF,0XFF,0XFF,0XFF,0XFF,0XFF,0XFF,0XFF,0XFF,0XFF,
C51 COMPILER V9.60.0.0   LOGO                                                              12/14/2021 10:58:50 PAGE 7   

 365          0XFF,0XFF,0XFF,0XFF,0XFF,0XFF,0XFF,0XFF,0XFF,0XFF,0XFF,0XFF,0XFF,0XFF,0XFF,0XFF,
 366          0XFF,0XFF,0XFF,0XFF,0XFF,0XFF,0XFF,0XFF,0XFF,0XFF,0XFF,0XFF,0XFF,0XFF,0XFF,0XFF,
 367          0XFF,0XFF,0XFF,0XFF,0XFF,0XFF,0XFF,0XFF,0XFF,0XFF,0XFF,0XFF,0XFF,0XFF,0XFF,0XFF,
 368          0XFF,0XFF,0XFF,0XFF,0XFF,0XFF,0XFF,0XFF,0XFF,0XFF,0XFF,0XFF,0XFF,0XFF,0XFF,0XFF,
 369          0XFF,0XFF,0XFF,0XFF,0XFF,0XFF,0XFF,0XFF,0XFF,0XFF,0XFF,0XFF,0XFF,0XFF,0XFF,0XFF,
 370          0XFF,0XFF,0XFF,0XFF,0XFF,0XFF,0XFF,0XFF,0XFF,0XFF,0XFF,0XFF,0XFF,0XFF,0XFF,0XFF,
 371          0XFF,0XFF,0XFF,0XFF,0XFF,0XFF,0XFF,0XFF,0XFF,0XFF,0XFF,0XFF,0XFF,0XFF,0XFF,0XFF,
 372          0XFF,0XFF,0XFF,0XFF,0XFF,0XFF,0XFF,0XFF,0XFF,0XFF,0XFF,0XFF,0XFF,0XFF,0XFF,0XFF,
 373          0XFF,0XFF,0XFF,0XFF,0XFF,0XFF,0XFF,0XFF,0XFF,0XFF,0XFF,0XFF,0XFF,0XFF,0XFF,0XFF,
 374          0XFF,0XFF,0XFF,0XFF,0XFF,0XFF,0XFF,0XFF,0XFF,0XFF,0XFF,0XFF,0XFF,0XFF,0XFF,0XFF,
 375          0XFF,0XFF,0XFF,0XFF,0XFF,0XFF,0XFF,0XFF,0XFF,0XFF,0XFF,0XFF,0XFF,0XFF,0XFF,0XFF,
 376          0XFF,0XFF,0XFF,0XFF,0XFF,0XFF,0XFF,0XFF,0XFF,0XFF,0XFF,0XFF,0XFF,0XFF,0XFF,0XFF,
 377          0XFF,0XFF,0XFF,0XFF,0XFF,0XFF,0XFF,0XFF,0XFF,0XFF,0XFF,0XFF,0XFF,0XFF,0XFF,0XFF,
 378          0XFF,0XFF,0XFF,0XFF,0XFF,0XFF,0XFF,0XFF,0XFF,0XFF,0XFF,0XFF,0XFF,0XFF,0XFF,0XFF,
 379          0XFF,0XFF,0XFF,0XFF,0XFF,0XFF,0XFF,0XFF,0XFF,0XFF,0XFF,0XFF,0XFF,0XFF,0XFF,0XFF,
 380          0XFF,0XFF,0XFF,0XFF,0XFF,0XFF,0XFF,0XFF,0XFF,0XFF,0XFF,0XFF,0XFF,0XFF,0XFF,0XFF,
 381          0XFF,0XFF,0XFF,0XFF,0XFF,0XFF,0XFF,0XFF,0XFF,0XFF,0XFF,0XFF,0XFF,0XFF,0XFF,0XFF,
 382          0XFF,0XFF,0XFF,0XFF,0XFF,0XFF,0XFF,0XFF,0XFF,0XFF,0XFF,0XFF,0XFF,0XFF,0XFF,0XFF,
 383          0XFF,0XFF,0XFF,0XFF,0XFF,0XFF,0XFF,0XFF,0XFF,0XFF,0XFF,0XFF,0XFF,0XFF,0XFF,0XFF,
 384          0XFF,0XFF,0XFF,0XFF,0XFF,0XFF,0XFF,0XFF,0XFF,0XFF,0XFF,0XFF,0XFF,0XFF,0XFF,0XFF,
 385          0XFF,0XFF,0XFF,0XFF,0XFF,0XFF,0XFF,0XFF,0XFF,0XFF,0XFF,0XFF,0XFF,0XFF,0XFF,0XFF,
 386          0XFF,0XFF,0XFF,0XFF,0XFF,0XFF,0XFF,0XFF,0XFF,0XFF,0XFF,0XFF,0XFF,0XFF,0XFF,0XFF,
 387          0XFF,0XFF,0XFF,0XFF,0XFF,0XFF,0XFF,0XFF,0XFF,0XFF,0XFF,0XFF,0XFF,0XFF,0XFF,0XFF,
 388          0XFF,0XFF,0XFF,0XFF,0XFF,0XFF,0XFF,0XFF,0XFF,0XFF,0XFF,0XFF,0XFF,0XFF,0XFF,0XFF,
 389          0XFF,0XFF,0XFF,0XFF,0XFF,0XFF,0XFF,0XFF,0XFF,0XFF,0XFF,0XFF,0XFF,0XFF,0XFF,0XFF,
 390          0XFF,0XFF,0XFF,0XFF,0XFF,0XFF,0XFF,0XFF,0XFF,0XFF,0XFF,0XFF,0XFF,0XFF,0XFF,0XFF,
 391          0XFF,0XFF,0XFF,0XFF,0XFF,0XFF,0XFF,0XFF,0XFF,0XFF,0XFF,0XFF,0XFF,0XFF,0XFF,0XFF,
 392          0XFF,0XFF,0XFF,0XFF,0XFF,0XFF,0XFF,0XFF,0XFF,0XFF,0XFF,0XFF,0XFF,0XFF,0XFF,0XFF,
 393          0XFF,0XFF,0XFF,0XFF,0XFF,0XFF,0XFF,0XFF,};


MODULE INFORMATION:   STATIC OVERLAYABLE
   CODE SIZE        =   ----    ----
   CONSTANT SIZE    =   6264    ----
   XDATA SIZE       =   ----    ----
   PDATA SIZE       =   ----    ----
   DATA SIZE        =   ----    ----
   IDATA SIZE       =   ----    ----
   BIT SIZE         =   ----    ----
END OF MODULE INFORMATION.


C51 COMPILATION COMPLETE.  0 WARNING(S),  0 ERROR(S)
