C51 COMPILER V9.60.7.0   MAIN                                                              07/05/2023 10:02:09 PAGE 1   


C51 COMPILER V9.60.7.0, COMPILATION OF MODULE MAIN
OBJECT MODULE PLACED IN .\Objects\main.obj
COMPILER INVOKED BY: E:\Keil_v5\C51\BIN\C51.EXE api\main.c OPTIMIZE(8,SPEED) BROWSE INCDIR(.\api;.\stc8_lib) DEBUG OBJEC
                    -TEXTEND PRINT(.\Listings\main.lst) OBJECT(.\Objects\main.obj)

line level    source

   1          /***********************************************************************************
   2           * __  ____    __ ______
   3           * \ \/ /\ \  / /|  __  \       官方网站： www.edu118.com
   4           *  \  /  \_\/_/ | |  \ |                                       
   5           *  /  \   |  |  | |__/ |                                       
   6           * /_/\_\  |__|  |______/                                       
   7           *
   8           * 版权◎深圳信盈达科技有限公司（郑州分部）保留所有权
   9           * 文件名：main.c
  10           * 作者：XYD_HWG
  11           * 版本号：V0.0.4
  12           * 日期：2021年12月11日
  13           * 描述：额温枪实训版本测试代码
  14           * 备注：STC8G2K32S2、系统时钟24MHz、复位引脚可用、串口1波特率9600
  15           * 历史记录：
  16           * 
  17           **********************************************************************************
  18           */ 
  19          
  20          #include "main.h"
  21          #include "ioConfig.h"
  22          #include "tim.h"
  23          #include "uart1.h"
  24          #include "key.h"
  25          #include "mlx90614.h"
  26          #include "power.h"
  27          #include "stdio.h"
  28          #include "string.h"
  29          
  30          float now_temp = 0.0;
  31          
  32          void main()
  33          {
  34   1              unsigned char key = 0;
  35   1              IO_Config();
  36   1              Tim0_Config();
  37   1              UartInit();
  38   1              EA = 1;
  39   1              SMBus_Init();
  40   1              while(1)
  41   1              {
  42   2                      key = Get_KeyValue();
  43   2                      if(key == 1) { //按下测量按键 获取温度值
  44   3                              now_temp = SMBus_ReadTemp();
  45   3                              printf("%0.2f\r\n", now_temp);
  46   3                              
  47   3                      }
  48   2                      if(Led_TaskTime[0] > Led_TaskTime[1]) {
  49   3                              LED ^= 1;
  50   3                              Led_TaskTime[0] = 0;
  51   3                      }
  52   2              }
  53   1      }
  54          
C51 COMPILER V9.60.7.0   MAIN                                                              07/05/2023 10:02:09 PAGE 2   

  55          


MODULE INFORMATION:   STATIC OVERLAYABLE
   CODE SIZE        =     78    ----
   CONSTANT SIZE    =      8    ----
   XDATA SIZE       =   ----    ----
   PDATA SIZE       =   ----    ----
   DATA SIZE        =      4       1
   IDATA SIZE       =   ----    ----
   BIT SIZE         =   ----    ----
END OF MODULE INFORMATION.


C51 COMPILATION COMPLETE.  0 WARNING(S),  0 ERROR(S)
