C51 COMPILER V9.60.7.0   AT24C02                                                           07/11/2023 14:19:01 PAGE 1   


C51 COMPILER V9.60.7.0, COMPILATION OF MODULE AT24C02
OBJECT MODULE PLACED IN .\Objects\at24c02.obj
COMPILER INVOKED BY: E:\Keil_v5\C51\BIN\C51.EXE api\at24c02.c OPTIMIZE(8,SPEED) BROWSE INCDIR(.\api;.\stc8_lib) DEBUG OB
                    -JECTEXTEND PRINT(.\Listings\at24c02.lst) OBJECT(.\Objects\at24c02.obj)

line level    source

   1          #include "at24c02.h"
   2          #include <intrins.h>
   3          
   4          sbit SCL = P1^4;  //时钟线
   5          sbit SDA = P1^5;  //数据线
   6          
   7          /*******************************************************************************
   8          * 函数名         : Delay10us()
   9          * 函数功能                 : 延时10us
  10          * 输入           : 无
  11          * 输出           : 无
  12          *******************************************************************************/
  13          
  14          void Delay10us()
  15          {
  16   1              unsigned char a,b;
  17   1              for(b=1;b>0;b--)
  18   1                      for(a=2;a>0;a--);
  19   1      }
  20          /*******************************************************************************
  21          * 函数名         : I2cStart()
  22          * 函数功能               : 起始信号：在SCL时钟信号在高电平期间SDA信号产生一个下降沿
  23          * 输入           : 无
  24          * 输出           : 无
  25          * 备注           : 起始之后SDA和SCL都为0
  26          *******************************************************************************/
  27          
  28          void I2cStart()
  29          {
  30   1              SDA=1;
  31   1              Delay10us();
  32   1              SCL=1;
  33   1              Delay10us();//建立时间是SDA保持时间>4.7us
  34   1              SDA=0;
  35   1              Delay10us();//保持时间是>4us
  36   1              SCL=0;                  
  37   1              Delay10us();            
  38   1      }
  39          /*******************************************************************************
  40          * 函数名         : I2cStop()
  41          * 函数功能               : 终止信号：在SCL时钟信号高电平期间SDA信号产生一个上升沿
  42          * 输入           : 无
  43          * 输出           : 无
  44          * 备注           : 结束之后保持SDA和SCL都为1；表示总线空闲
  45          *******************************************************************************/
  46          
  47          void I2cStop()
  48          {
  49   1              SDA=0;
  50   1              Delay10us();
  51   1              SCL=1;
  52   1              Delay10us();//建立时间大于4.7us
  53   1              SDA=1;
  54   1              Delay10us();            
C51 COMPILER V9.60.7.0   AT24C02                                                           07/11/2023 14:19:01 PAGE 2   

  55   1      }
  56          /*******************************************************************************
  57          * 函数名         : I2cSendByte(unsigned char dat)
  58          * 函数功能               : 通过I2C发送一个字节。在SCL时钟信号高电平期间，保持发送信号SDA保持稳定
  59          * 输入           : num
  60          * 输出           : 0或1。发送成功返回1，发送失败返回0
  61          * 备注           : 发送完一个字节SCL=0,SDA=1
  62          *******************************************************************************/
  63          
  64          unsigned char I2cSendByte(unsigned char dat)
  65          {
  66   1              unsigned char a=0,b=0;//最大255，一个机器周期为1us，最大延时255us。             
  67   1              for(a=0;a<8;a++)//要发送8位，从最高位开始
  68   1              {
  69   2                      SDA=dat>>7;      //起始信号之后SCL=0，所以可以直接改变SDA信号
  70   2                      dat=dat<<1;
  71   2                      Delay10us();
  72   2                      SCL=1;
  73   2                      Delay10us();//建立时间>4.7us
  74   2                      SCL=0;
  75   2                      Delay10us();//时间大于4us               
  76   2              }
  77   1              SDA=1;
  78   1              Delay10us();
  79   1              SCL=1;
  80   1              while(SDA)//等待应答，也就是等待从设备把SDA拉低
  81   1              {
  82   2                      b++;
  83   2                      if(b>200)        //如果超过2000us没有应答发送失败，或者为非应答，表示接收结束
  84   2                      {
  85   3                              SCL=0;
  86   3                              Delay10us();
  87   3                              return 0;
  88   3                      }
  89   2              }
  90   1              SCL=0;
  91   1              Delay10us();
  92   1              return 1;               
  93   1      }
  94          
  95          /*******************************************************************************
  96          * 函数名         : I2cReadByte()
  97          * 函数功能                 : 使用I2c读取一个字节
  98          * 输入           : 无
  99          * 输出           : dat
 100          * 备注           : 接收完一个字节SCL=0,SDA=1.
 101          *******************************************************************************/
 102          
 103          unsigned char I2cReadByte()
 104          {
 105   1              unsigned char a=0,dat=0;
 106   1              SDA=1;                  //起始和发送一个字节之后SCL都是0
 107   1              Delay10us();
 108   1              for(a=0;a<8;a++)//接收8个字节
 109   1              {
 110   2                      SCL=1;
 111   2                      Delay10us();
 112   2                      dat<<=1;
 113   2                      dat|=SDA;
 114   2                      Delay10us();
 115   2                      SCL=0;
 116   2                      Delay10us();
C51 COMPILER V9.60.7.0   AT24C02                                                           07/11/2023 14:19:01 PAGE 3   

 117   2              }
 118   1              return dat;             
 119   1      }
 120          
 121          
 122          /*******************************************************************************
 123          * 函数名         : void At24c02Write(unsigned char addr,unsigned char dat)
 124          * 函数功能                 : 往24c02的一个地址写入一个数据
 125          * 输入           : 无
 126          * 输出           : 无
 127          *******************************************************************************/
 128          
 129          void At24c02Write(unsigned char addr,unsigned char dat)
 130          {
 131   1              EA = 0;
 132   1              I2cStart();
 133   1              I2cSendByte(0xa0);//发送写器件地址
 134   1              I2cSendByte(addr);//发送要写入内存地址
 135   1              I2cSendByte(dat);       //发送数据
 136   1              I2cStop();
 137   1              EA = 1;
 138   1      }
 139          /*******************************************************************************
 140          * 函数名         : unsigned char At24c02Read(unsigned char addr)
 141          * 函数功能                 : 读取24c02的一个地址的一个数据
 142          * 输入           : 无
 143          * 输出           : 无
 144          *******************************************************************************/
 145          
 146          unsigned char At24c02Read(unsigned char addr)
 147          {
 148   1              unsigned char num;
 149   1              EA = 0;
 150   1              I2cStart();
 151   1              I2cSendByte(0xa0); //发送写器件地址
 152   1              I2cSendByte(addr); //发送要读取的地址
 153   1              I2cStart();
 154   1              I2cSendByte(0xa1); //发送读器件地址
 155   1              num=I2cReadByte(); //读取数据
 156   1              I2cStop();
 157   1              EA = 1;
 158   1              return num;     
 159   1      }


MODULE INFORMATION:   STATIC OVERLAYABLE
   CODE SIZE        =    203    ----
   CONSTANT SIZE    =   ----    ----
   XDATA SIZE       =   ----    ----
   PDATA SIZE       =   ----    ----
   DATA SIZE        =   ----    ----
   IDATA SIZE       =   ----    ----
   BIT SIZE         =   ----    ----
END OF MODULE INFORMATION.


C51 COMPILATION COMPLETE.  0 WARNING(S),  0 ERROR(S)
