C51 COMPILER V9.60.7.0   POWER                                                             07/11/2023 14:19:01 PAGE 1   


C51 COMPILER V9.60.7.0, COMPILATION OF MODULE POWER
OBJECT MODULE PLACED IN .\Objects\power.obj
COMPILER INVOKED BY: E:\Keil_v5\C51\BIN\C51.EXE api\power.c OPTIMIZE(8,SPEED) BROWSE INCDIR(.\api;.\stc8_lib) DEBUG OBJE
                    -CTEXTEND PRINT(.\Listings\power.lst) OBJECT(.\Objects\power.obj)

line level    source

   1          #include "power.h"
   2          
   3          
   4          void UART3_Isr() interrupt 17
   5          {
   6   1      
   7   1      }
   8          
   9          void Power_Config(void)
  10          {
  11   1              P_SW2 &= ~(1<<1);
  12   1              IE2 |= 1<<3;
  13   1      }
  14          
  15          
  16          void Power_Off(void)
  17          {
  18   1              PCON |= 1<<1;
  19   1      }
  20          
  21          
  22          
  23          
  24          
  25          
  26          
  27          
  28          
  29          
  30          
  31          
  32          
  33          
  34          
  35          
  36          
  37          
  38          
  39          


MODULE INFORMATION:   STATIC OVERLAYABLE
   CODE SIZE        =     12    ----
   CONSTANT SIZE    =   ----    ----
   XDATA SIZE       =   ----    ----
   PDATA SIZE       =   ----    ----
   DATA SIZE        =   ----    ----
   IDATA SIZE       =   ----    ----
   BIT SIZE         =   ----    ----
END OF MODULE INFORMATION.


C51 COMPILATION COMPLETE.  0 WARNING(S),  0 ERROR(S)
